This is XeTeX, Version 3.14159265-2.6-0.999991 (TeX Live 2019) (preloaded format=xelatex 2019.5.8)  19 MAR 2020 12:33
entering extended mode
 restricted \write18 enabled.
 %&-line parsing enabled.
**NCOP_Annual_Report_2019.tex
(./NCOP_Annual_Report_2019.tex
LaTeX2e <2018-12-01>
(./krantz.cls
Document Class: krantz 2005/09/16 v1.4f Standard LaTeX document class
(/usr/local/texlive/2019/texmf-dist/tex/latex/base/bk12.clo
File: bk12.clo 2018/09/03 v1.4i Standard LaTeX file (size option)
)
\trimheight=\dimen102
\trimwidth=\dimen103
\normaltextheight=\dimen104
\tempa=\dimen105
\tempdimen=\dimen106
\htrim=\dimen107
\vtrimtop=\dimen108
\vtrimbot=\dimen109
\ul@box=\box27
\ur@box=\box28
\ll@box=\box29
\lr@box=\box30
\@cipboxa=\box31
\@cipboxb=\box32
\@ciprulewidth=\dimen110
\c@part=\count80
\c@chapter=\count81
\c@section=\count82
\c@subsection=\count83
\c@subsubsection=\count84
\c@paragraph=\count85
\c@subparagraph=\count86
\secwd=\dimen111
\subsecwd=\dimen112
\subsubsecwd=\dimen113
\c@figure=\count87
\c@table=\count88
\abovecaptionskip=\skip41
\belowcaptionskip=\skip42
\c@numauthors=\count89
\section@toc@skip=\skip43
\SectionTOCWidth=\skip44
\subsection@toc@skip=\skip45
\SubSectionTOCWidth=\skip46
\subsubsection@toc@skip=\skip47
\SubSubSectionTOCWidth=\skip48
\paragraph@toc@skip=\skip49
\ParagraphTOCWidth=\skip50
\subparagraph@toc@skip=\skip51
\@AUonebox=\box33
\@AUtwobox=\box34
\@AUthreebox=\box35
\@AUfourbox=\box36
\@AUaffonebox=\box37
\@AUafftwobox=\box38
\@AUaffthreebox=\box39
\@AUafffourbox=\box40
\@finalAUboxfromone=\box41
\@finalAUboxfromtwo=\box42
\@finalAUboxfromthree=\box43
\@finalAUboxfromfour=\box44
\c@chaptocdepth=\count90
\bibindent=\dimen114
\tempbox=\box45
\nomenwidth=\dimen115
\@tablebox=\box46
\@tabletitlebox=\box47
\@tablewidth=\dimen116
\@tabletitlewidth=\dimen117
\max@tablewidth=\dimen118
\tempbox=\box48
\tempdimen=\dimen119
\tempbox=\box49
\notewidth=\dimen120
\wherebox=\box50
\wherewidth=\dimen121
\listtextleftmargin=\skip52
\listtextleftmarginii=\skip53
\listtextleftmarginiii=\skip54
\listtextrightmargin=\skip55
\listlabelleftskip=\skip56
\listlabelleftskipii=\skip57
\listlabelleftskipiii=\skip58
\abovelistskipi=\skip59
\belowlistskipi=\skip60
\abovelistskipii=\skip61
\belowlistskipii=\skip62
\abovelistskipiii=\skip63
\belowlistskipiii=\skip64
\labelsepi=\skip65
\labelsepii=\skip66
\labelsepiii=\skip67
\itemsepi=\skip68
\itemsepii=\skip69
\itemsepiii=\skip70
\enumdimwd=\dimen122
\enumdim=\dimen123
\concolwidth=\dimen124
\stempbox=\box51
) (/usr/local/texlive/2019/texmf-dist/tex/latex/lm/lmodern.sty
Package: lmodern 2009/10/30 v1.6 Latin Modern Fonts
LaTeX Font Info:    Overwriting symbol font `operators' in version `normal'
(Font)                  OT1/cmr/m/n --> OT1/lmr/m/n on input line 22.
LaTeX Font Info:    Overwriting symbol font `letters' in version `normal'
(Font)                  OML/cmm/m/it --> OML/lmm/m/it on input line 23.
LaTeX Font Info:    Overwriting symbol font `symbols' in version `normal'
(Font)                  OMS/cmsy/m/n --> OMS/lmsy/m/n on input line 24.
LaTeX Font Info:    Overwriting symbol font `largesymbols' in version `normal'
(Font)                  OMX/cmex/m/n --> OMX/lmex/m/n on input line 25.
LaTeX Font Info:    Overwriting symbol font `operators' in version `bold'
(Font)                  OT1/cmr/bx/n --> OT1/lmr/bx/n on input line 26.
LaTeX Font Info:    Overwriting symbol font `letters' in version `bold'
(Font)                  OML/cmm/b/it --> OML/lmm/b/it on input line 27.
LaTeX Font Info:    Overwriting symbol font `symbols' in version `bold'
(Font)                  OMS/cmsy/b/n --> OMS/lmsy/b/n on input line 28.
LaTeX Font Info:    Overwriting symbol font `largesymbols' in version `bold'
(Font)                  OMX/cmex/m/n --> OMX/lmex/m/n on input line 29.
LaTeX Font Info:    Overwriting math alphabet `\mathbf' in version `normal'
(Font)                  OT1/cmr/bx/n --> OT1/lmr/bx/n on input line 31.
LaTeX Font Info:    Overwriting math alphabet `\mathsf' in version `normal'
(Font)                  OT1/cmss/m/n --> OT1/lmss/m/n on input line 32.
LaTeX Font Info:    Overwriting math alphabet `\mathit' in version `normal'
(Font)                  OT1/cmr/m/it --> OT1/lmr/m/it on input line 33.
LaTeX Font Info:    Overwriting math alphabet `\mathtt' in version `normal'
(Font)                  OT1/cmtt/m/n --> OT1/lmtt/m/n on input line 34.
LaTeX Font Info:    Overwriting math alphabet `\mathbf' in version `bold'
(Font)                  OT1/cmr/bx/n --> OT1/lmr/bx/n on input line 35.
LaTeX Font Info:    Overwriting math alphabet `\mathsf' in version `bold'
(Font)                  OT1/cmss/bx/n --> OT1/lmss/bx/n on input line 36.
LaTeX Font Info:    Overwriting math alphabet `\mathit' in version `bold'
(Font)                  OT1/cmr/bx/it --> OT1/lmr/bx/it on input line 37.
LaTeX Font Info:    Overwriting math alphabet `\mathtt' in version `bold'
(Font)                  OT1/cmtt/m/n --> OT1/lmtt/m/n on input line 38.
) (/usr/local/texlive/2019/texmf-dist/tex/latex/amsfonts/amssymb.sty
Package: amssymb 2013/01/14 v3.01 AMS font symbols
(/usr/local/texlive/2019/texmf-dist/tex/latex/amsfonts/amsfonts.sty
Package: amsfonts 2013/01/14 v3.01 Basic AMSFonts support
\@emptytoks=\toks14
\symAMSa=\mathgroup4
\symAMSb=\mathgroup5
LaTeX Font Info:    Overwriting math alphabet `\mathfrak' in version `bold'
(Font)                  U/euf/m/n --> U/euf/b/n on input line 106.
)) (/usr/local/texlive/2019/texmf-dist/tex/latex/amsmath/amsmath.sty
Package: amsmath 2018/12/01 v2.17b AMS math features
\@mathmargin=\skip71
For additional information on amsmath, use the `?' option.
(/usr/local/texlive/2019/texmf-dist/tex/latex/amsmath/amstext.sty
Package: amstext 2000/06/29 v2.01 AMS text
(/usr/local/texlive/2019/texmf-dist/tex/latex/amsmath/amsgen.sty
File: amsgen.sty 1999/11/30 v2.0 generic functions
\@emptytoks=\toks15
\ex@=\dimen125
)) (/usr/local/texlive/2019/texmf-dist/tex/latex/amsmath/amsbsy.sty
Package: amsbsy 1999/11/29 v1.2d Bold Symbols
\pmbraise@=\dimen126
) (/usr/local/texlive/2019/texmf-dist/tex/latex/amsmath/amsopn.sty
Package: amsopn 2016/03/08 v2.02 operator names
)
\inf@bad=\count91
LaTeX Info: Redefining \frac on input line 223.
\uproot@=\count92
\leftroot@=\count93
LaTeX Info: Redefining \overline on input line 385.
\classnum@=\count94
\DOTSCASE@=\count95
LaTeX Info: Redefining \ldots on input line 482.
LaTeX Info: Redefining \dots on input line 485.
LaTeX Info: Redefining \cdots on input line 606.
\Mathstrutbox@=\box52
\strutbox@=\box53
\big@size=\dimen127
LaTeX Font Info:    Redeclaring font encoding OML on input line 729.
LaTeX Font Info:    Redeclaring font encoding OMS on input line 730.
\macc@depth=\count96
\c@MaxMatrixCols=\count97
\dotsspace@=\muskip10
\c@parentequation=\count98
\dspbrk@lvl=\count99
\tag@help=\toks16
\row@=\count100
\column@=\count101
\maxfields@=\count102
\andhelp@=\toks17
\eqnshift@=\dimen128
\alignsep@=\dimen129
\tagshift@=\dimen130
\tagwidth@=\dimen131
\totwidth@=\dimen132
\lineht@=\dimen133
\@envbody=\toks18
\multlinegap=\skip72
\multlinetaggap=\skip73
\mathdisplay@stack=\toks19
LaTeX Info: Redefining \[ on input line 2844.
LaTeX Info: Redefining \] on input line 2845.
) (/usr/local/texlive/2019/texmf-dist/tex/generic/ifxetex/ifxetex.sty
Package: ifxetex 2010/09/12 v0.6 Provides ifxetex conditional
) (/usr/local/texlive/2019/texmf-dist/tex/generic/oberdiek/ifluatex.sty
Package: ifluatex 2016/05/16 v1.4 Provides the ifluatex switch (HO)
Package ifluatex Info: LuaTeX not detected.
) (/usr/local/texlive/2019/texmf-dist/tex/latex/unicode-math/unicode-math.sty (
/usr/local/texlive/2019/texmf-dist/tex/latex/l3kernel/expl3.sty
Package: expl3 2019-05-07 L3 programming layer (loader) 
(/usr/local/texlive/2019/texmf-dist/tex/latex/l3kernel/expl3-code.tex
Package: expl3 2019-05-07 L3 programming layer (code)
\c_max_int=\count103
\l_tmpa_int=\count104
\l_tmpb_int=\count105
\g_tmpa_int=\count106
\g_tmpb_int=\count107
\g__kernel_prg_map_int=\count108
\c__ior_term_ior=\count109
\c_log_iow=\count110
\l_iow_line_count_int=\count111
\l__iow_line_target_int=\count112
\l__iow_one_indent_int=\count113
\l__iow_indent_int=\count114
\c_zero_dim=\dimen134
\c_max_dim=\dimen135
\l_tmpa_dim=\dimen136
\l_tmpb_dim=\dimen137
\g_tmpa_dim=\dimen138
\g_tmpb_dim=\dimen139
\c_zero_skip=\skip74
\c_max_skip=\skip75
\l_tmpa_skip=\skip76
\l_tmpb_skip=\skip77
\g_tmpa_skip=\skip78
\g_tmpb_skip=\skip79
\c_zero_muskip=\muskip11
\c_max_muskip=\muskip12
\l_tmpa_muskip=\muskip13
\l_tmpb_muskip=\muskip14
\g_tmpa_muskip=\muskip15
\g_tmpb_muskip=\muskip16
\l_keys_choice_int=\count115
\l__intarray_loop_int=\count116
\c__intarray_sp_dim=\dimen140
\g__intarray_font_int=\count117
\c__fp_leading_shift_int=\count118
\c__fp_middle_shift_int=\count119
\c__fp_trailing_shift_int=\count120
\c__fp_big_leading_shift_int=\count121
\c__fp_big_middle_shift_int=\count122
\c__fp_big_trailing_shift_int=\count123
\c__fp_Bigg_leading_shift_int=\count124
\c__fp_Bigg_middle_shift_int=\count125
\c__fp_Bigg_trailing_shift_int=\count126
\g__fp_array_int=\count127
\l__fp_array_loop_int=\count128
\l__sort_length_int=\count129
\l__sort_min_int=\count130
\l__sort_top_int=\count131
\l__sort_max_int=\count132
\l__sort_true_max_int=\count133
\l__sort_block_int=\count134
\l__sort_begin_int=\count135
\l__sort_end_int=\count136
\l__sort_A_int=\count137
\l__sort_B_int=\count138
\l__sort_C_int=\count139
\l__tl_analysis_normal_int=\count140
\l__tl_analysis_index_int=\count141
\l__tl_analysis_nesting_int=\count142
\l__tl_analysis_type_int=\count143
\l__regex_internal_a_int=\count144
\l__regex_internal_b_int=\count145
\l__regex_internal_c_int=\count146
\l__regex_balance_int=\count147
\l__regex_group_level_int=\count148
\l__regex_mode_int=\count149
\c__regex_cs_in_class_mode_int=\count150
\c__regex_cs_mode_int=\count151
\l__regex_catcodes_int=\count152
\l__regex_default_catcodes_int=\count153
\c__regex_catcode_L_int=\count154
\c__regex_catcode_O_int=\count155
\c__regex_catcode_A_int=\count156
\c__regex_all_catcodes_int=\count157
\l__regex_show_lines_int=\count158
\l__regex_min_state_int=\count159
\l__regex_max_state_int=\count160
\l__regex_left_state_int=\count161
\l__regex_right_state_int=\count162
\l__regex_capturing_group_int=\count163
\l__regex_min_pos_int=\count164
\l__regex_max_pos_int=\count165
\l__regex_curr_pos_int=\count166
\l__regex_start_pos_int=\count167
\l__regex_success_pos_int=\count168
\l__regex_curr_char_int=\count169
\l__regex_curr_catcode_int=\count170
\l__regex_last_char_int=\count171
\l__regex_case_changed_char_int=\count172
\l__regex_curr_state_int=\count173
\l__regex_step_int=\count174
\l__regex_min_active_int=\count175
\l__regex_max_active_int=\count176
\l__regex_replacement_csnames_int=\count177
\l__regex_match_count_int=\count178
\l__regex_min_submatch_int=\count179
\l__regex_submatch_int=\count180
\l__regex_zeroth_submatch_int=\count181
\g__regex_trace_regex_int=\count182
\c_empty_box=\box54
\l_tmpa_box=\box55
\l_tmpb_box=\box56
\g_tmpa_box=\box57
\g_tmpb_box=\box58
\l__box_top_dim=\dimen141
\l__box_bottom_dim=\dimen142
\l__box_left_dim=\dimen143
\l__box_right_dim=\dimen144
\l__box_top_new_dim=\dimen145
\l__box_bottom_new_dim=\dimen146
\l__box_left_new_dim=\dimen147
\l__box_right_new_dim=\dimen148
\l__box_internal_box=\box59
\l__coffin_internal_box=\box60
\l__coffin_internal_dim=\dimen149
\l__coffin_offset_x_dim=\dimen150
\l__coffin_offset_y_dim=\dimen151
\l__coffin_x_dim=\dimen152
\l__coffin_y_dim=\dimen153
\l__coffin_x_prime_dim=\dimen154
\l__coffin_y_prime_dim=\dimen155
\c_empty_coffin=\box61
\l__coffin_aligned_coffin=\box62
\l__coffin_aligned_internal_coffin=\box63
\l_tmpa_coffin=\box64
\l_tmpb_coffin=\box65
\g_tmpa_coffin=\box66
\g_tmpb_coffin=\box67
\l__coffin_bounding_shift_dim=\dimen156
\l__coffin_left_corner_dim=\dimen157
\l__coffin_right_corner_dim=\dimen158
\l__coffin_bottom_corner_dim=\dimen159
\l__coffin_top_corner_dim=\dimen160
\l__coffin_scaled_total_height_dim=\dimen161
\l__coffin_scaled_width_dim=\dimen162
\c__coffin_empty_coffin=\box68
\l__coffin_display_coffin=\box69
\l__coffin_display_coord_coffin=\box70
\l__coffin_display_pole_coffin=\box71
\l__coffin_display_offset_dim=\dimen163
\l__coffin_display_x_dim=\dimen164
\l__coffin_display_y_dim=\dimen165
\g__file_internal_ior=\read1
\l__seq_internal_a_int=\count183
\l__seq_internal_b_int=\count184
\c__deprecation_minus_one=\count185
) (/usr/local/texlive/2019/texmf-dist/tex/latex/l3kernel/l3xdvipdfmx.def
File: l3xdvipdfmx.def 2019-04-06 v L3 Experimental driver: xdvipdfmx
\g__driver_image_int=\count186
\l__driver_pdf_tmp_box=\box72
\g__driver_pdf_object_int=\count187
\g__driver_pdf_annotation_int=\count188
))
Package: unicode-math 2019/03/04 v0.8o Unicode maths in XeLaTeX and LuaLaTeX

(/usr/local/texlive/2019/texmf-dist/tex/latex/unicode-math/unicode-math-xetex.s
ty
Package: unicode-math-xetex 2019/03/04 v0.8o Unicode maths in XeLaTeX and LuaLa
TeX
(/usr/local/texlive/2019/texmf-dist/tex/latex/l3packages/xparse/xparse.sty
Package: xparse 2019-05-03 L3 Experimental document command parser
\l__xparse_current_arg_int=\count189
\g__xparse_grabber_int=\count190
\l__xparse_m_args_int=\count191
\l__xparse_v_nesting_int=\count192
) (/usr/local/texlive/2019/texmf-dist/tex/latex/l3packages/l3keys2e/l3keys2e.st
y
Package: l3keys2e 2019-05-03 LaTeX2e option processing using LaTeX3 keys
) (/usr/local/texlive/2019/texmf-dist/tex/latex/fontspec/fontspec.sty
Package: fontspec 2019/03/15 v2.7c Font selection for XeLaTeX and LuaLaTeX
(/usr/local/texlive/2019/texmf-dist/tex/latex/fontspec/fontspec-xetex.sty
Package: fontspec-xetex 2019/03/15 v2.7c Font selection for XeLaTeX and LuaLaTe
X
\l__fontspec_script_int=\count193
\l__fontspec_language_int=\count194
\l__fontspec_strnum_int=\count195
\l__fontspec_tmp_int=\count196
\l__fontspec_tmpa_int=\count197
\l__fontspec_tmpb_int=\count198
\l__fontspec_tmpc_int=\count199
\l__fontspec_em_int=\count266
\l__fontspec_emdef_int=\count267
\l__fontspec_strong_int=\count268
\l__fontspec_strongdef_int=\count269
\l__fontspec_tmpa_dim=\dimen166
\l__fontspec_tmpb_dim=\dimen167
\l__fontspec_tmpc_dim=\dimen168
(/usr/local/texlive/2019/texmf-dist/tex/latex/base/fontenc.sty
Package: fontenc 2018/08/11 v2.0j Standard LaTeX package
(/usr/local/texlive/2019/texmf-dist/tex/latex/base/tuenc.def
File: tuenc.def 2018/08/11 v2.0j Standard LaTeX file
LaTeX Font Info:    Redeclaring font encoding TU on input line 82.
)) (/usr/local/texlive/2019/texmf-dist/tex/latex/fontspec/fontspec.cfg)
LaTeX Info: Redefining \itshape on input line 4051.
LaTeX Info: Redefining \slshape on input line 4056.
LaTeX Info: Redefining \scshape on input line 4061.
LaTeX Info: Redefining \upshape on input line 4066.
LaTeX Info: Redefining \em on input line 4096.
LaTeX Info: Redefining \emph on input line 4121.
)) (/usr/local/texlive/2019/texmf-dist/tex/latex/filehook/filehook.sty
Package: filehook 2011/10/12 v0.5d Hooks for input files
) (/usr/local/texlive/2019/texmf-dist/tex/latex/base/fix-cm.sty
Package: fix-cm 2015/01/14 v1.1t fixes to LaTeX
(/usr/local/texlive/2019/texmf-dist/tex/latex/base/ts1enc.def
File: ts1enc.def 2001/06/05 v3.0e (jk/car/fm) Standard LaTeX file
))
\g__um_fam_int=\count270
\g__um_fonts_used_int=\count271
\l__um_primecount_int=\count272
\g__um_primekern_muskip=\muskip17

(/usr/local/texlive/2019/texmf-dist/tex/latex/unicode-math/unicode-math-table.t
ex)

Package unicode-math Info: I'm going to patch macro \subarray.


Package unicode-math Info: I'm going to patch macro \r@@t.

))

Package fontspec Info: Source Code Pro scale = 0.8979170143607594.


Package fontspec Info: Source Code Pro scale = 0.8979170143607594.


Package fontspec Info: Source Code Pro/B scale = 0.8979170143607594.


Package fontspec Info: Source Code Pro/I scale = 0.8979170143607594.


Package fontspec Info: Source Code Pro/BI scale = 0.8979170143607594.


Package fontspec Info: Font family 'SourceCodePro(0)' created for font 'Source
(fontspec)             Code Pro' with options
(fontspec)             [Scale=MatchLowercase,WordSpace={1,0,0},HyphenChar=None,
PunctuationSpace=WordSpace,Scale=0.7].
(fontspec)              
(fontspec)              This font family consists of the following NFSS
(fontspec)             series/shapes:
(fontspec)              
(fontspec)             - 'normal' (m/n) with NFSS spec.: <->s*[0.7]"Source
(fontspec)             Code Pro/OT:script=latn;language=DFLT;"
(fontspec)             - 'small caps'  (m/sc) with NFSS spec.: 
(fontspec)             and font adjustment code:
(fontspec)             \fontdimen 2\font =1\fontdimen 2\font \fontdimen 3\font
(fontspec)             =0\fontdimen 3\font \fontdimen 4\font =0\fontdimen
(fontspec)             4\font \fontdimen 7\font =0\fontdimen 2\font
(fontspec)             \tex_hyphenchar:D \font =-1\scan_stop: 
(fontspec)             - 'bold' (bx/n) with NFSS spec.: <->s*[0.7]"Source Code
(fontspec)             Pro/B/OT:script=latn;language=DFLT;"
(fontspec)             - 'bold small caps'  (bx/sc) with NFSS spec.: 
(fontspec)             and font adjustment code:
(fontspec)             \fontdimen 2\font =1\fontdimen 2\font \fontdimen 3\font
(fontspec)             =0\fontdimen 3\font \fontdimen 4\font =0\fontdimen
(fontspec)             4\font \fontdimen 7\font =0\fontdimen 2\font
(fontspec)             \tex_hyphenchar:D \font =-1\scan_stop: 
(fontspec)             - 'italic' (m/it) with NFSS spec.: <->s*[0.7]"Source
(fontspec)             Code Pro/I/OT:script=latn;language=DFLT;"
(fontspec)             - 'italic small caps'  (m/itsc) with NFSS spec.: 
(fontspec)             and font adjustment code:
(fontspec)             \fontdimen 2\font =1\fontdimen 2\font \fontdimen 3\font
(fontspec)             =0\fontdimen 3\font \fontdimen 4\font =0\fontdimen
(fontspec)             4\font \fontdimen 7\font =0\fontdimen 2\font
(fontspec)             \tex_hyphenchar:D \font =-1\scan_stop: 
(fontspec)             - 'bold italic' (bx/it) with NFSS spec.:
(fontspec)             <->s*[0.7]"Source Code
(fontspec)             Pro/BI/OT:script=latn;language=DFLT;"
(fontspec)             - 'bold italic small caps'  (bx/itsc) with NFSS spec.: 
(fontspec)             and font adjustment code:
(fontspec)             \fontdimen 2\font =1\fontdimen 2\font \fontdimen 3\font
(fontspec)             =0\fontdimen 3\font \fontdimen 4\font =0\fontdimen
(fontspec)             4\font \fontdimen 7\font =0\fontdimen 2\font
(fontspec)             \tex_hyphenchar:D \font =-1\scan_stop: 

LaTeX Info: Redefining \ttfamily on input line 21.

Package fontspec Info: Source Code Pro scale = 0.8979170143607594.


Package fontspec Info: Source Code Pro scale = 0.8979170143607594.


Package fontspec Info: Source Code Pro/B scale = 0.8979170143607594.


Package fontspec Info: Source Code Pro/I scale = 0.8979170143607594.


Package fontspec Info: Source Code Pro/BI scale = 0.8979170143607594.


Package fontspec Info: Font family 'SourceCodePro(1)' created for font 'Source
(fontspec)             Code Pro' with options
(fontspec)             [Scale=MatchLowercase,Scale=0.7].
(fontspec)              
(fontspec)              This font family consists of the following NFSS
(fontspec)             series/shapes:
(fontspec)              
(fontspec)             - 'normal' (m/n) with NFSS spec.: <->s*[0.7]"Source
(fontspec)             Code Pro/OT:script=latn;language=DFLT;"
(fontspec)             - 'small caps'  (m/sc) with NFSS spec.: 
(fontspec)             - 'bold' (bx/n) with NFSS spec.: <->s*[0.7]"Source Code
(fontspec)             Pro/B/OT:script=latn;language=DFLT;"
(fontspec)             - 'bold small caps'  (bx/sc) with NFSS spec.: 
(fontspec)             - 'italic' (m/it) with NFSS spec.: <->s*[0.7]"Source
(fontspec)             Code Pro/I/OT:script=latn;language=DFLT;"
(fontspec)             - 'italic small caps'  (m/itsc) with NFSS spec.: 
(fontspec)             - 'bold italic' (bx/it) with NFSS spec.:
(fontspec)             <->s*[0.7]"Source Code
(fontspec)             Pro/BI/OT:script=latn;language=DFLT;"
(fontspec)             - 'bold italic small caps'  (bx/itsc) with NFSS spec.: 

LaTeX Font Info:    Overwriting math alphabet `\mathtt' in version `normal'
(Font)                  OT1/lmtt/m/n --> TU/SourceCodePro(1)/m/n on input line 
21.
LaTeX Font Info:    Overwriting math alphabet `\mathtt' in version `bold'
(Font)                  OT1/lmtt/m/n --> TU/SourceCodePro(1)/bx/n on input line
 21.
(/usr/local/texlive/2019/texmf-dist/tex/latex/upquote/upquote.sty
Package: upquote 2012/04/19 v1.3 upright-quote and grave-accent glyphs in verba
tim
(/usr/local/texlive/2019/texmf-dist/tex/latex/base/textcomp.sty
Package: textcomp 2018/08/11 v2.0j Standard LaTeX package
Package textcomp Info: Sub-encoding information:
(textcomp)               5 = only ISO-Adobe without \textcurrency
(textcomp)               4 = 5 + \texteuro
(textcomp)               3 = 4 + \textohm
(textcomp)               2 = 3 + \textestimated + \textcurrency
(textcomp)               1 = TS1 - \textcircled - \t
(textcomp)               0 = TS1 (full)
(textcomp)             Font families with sub-encoding setting implement
(textcomp)             only a restricted character set as indicated.
(textcomp)             Family '?' is the default used for unknown fonts.
(textcomp)             See the documentation for details.
Package textcomp Info: Setting ? sub-encoding to TS1/1 on input line 79.
(/usr/local/texlive/2019/texmf-dist/tex/latex/base/ts1enc.def
File: ts1enc.def 2001/06/05 v3.0e (jk/car/fm) Standard LaTeX file
LaTeX Font Info:    Redeclaring font encoding TS1 on input line 47.
)
LaTeX Info: Redefining \oldstylenums on input line 334.
Package textcomp Info: Setting cmr sub-encoding to TS1/0 on input line 349.
Package textcomp Info: Setting cmss sub-encoding to TS1/0 on input line 350.
Package textcomp Info: Setting cmtt sub-encoding to TS1/0 on input line 351.
Package textcomp Info: Setting cmvtt sub-encoding to TS1/0 on input line 352.
Package textcomp Info: Setting cmbr sub-encoding to TS1/0 on input line 353.
Package textcomp Info: Setting cmtl sub-encoding to TS1/0 on input line 354.
Package textcomp Info: Setting ccr sub-encoding to TS1/0 on input line 355.
Package textcomp Info: Setting ptm sub-encoding to TS1/4 on input line 356.
Package textcomp Info: Setting pcr sub-encoding to TS1/4 on input line 357.
Package textcomp Info: Setting phv sub-encoding to TS1/4 on input line 358.
Package textcomp Info: Setting ppl sub-encoding to TS1/3 on input line 359.
Package textcomp Info: Setting pag sub-encoding to TS1/4 on input line 360.
Package textcomp Info: Setting pbk sub-encoding to TS1/4 on input line 361.
Package textcomp Info: Setting pnc sub-encoding to TS1/4 on input line 362.
Package textcomp Info: Setting pzc sub-encoding to TS1/4 on input line 363.
Package textcomp Info: Setting bch sub-encoding to TS1/4 on input line 364.
Package textcomp Info: Setting put sub-encoding to TS1/5 on input line 365.
Package textcomp Info: Setting uag sub-encoding to TS1/5 on input line 366.
Package textcomp Info: Setting ugq sub-encoding to TS1/5 on input line 367.
Package textcomp Info: Setting ul8 sub-encoding to TS1/4 on input line 368.
Package textcomp Info: Setting ul9 sub-encoding to TS1/4 on input line 369.
Package textcomp Info: Setting augie sub-encoding to TS1/5 on input line 370.
Package textcomp Info: Setting dayrom sub-encoding to TS1/3 on input line 371.
Package textcomp Info: Setting dayroms sub-encoding to TS1/3 on input line 372.

Package textcomp Info: Setting pxr sub-encoding to TS1/0 on input line 373.
Package textcomp Info: Setting pxss sub-encoding to TS1/0 on input line 374.
Package textcomp Info: Setting pxtt sub-encoding to TS1/0 on input line 375.
Package textcomp Info: Setting txr sub-encoding to TS1/0 on input line 376.
Package textcomp Info: Setting txss sub-encoding to TS1/0 on input line 377.
Package textcomp Info: Setting txtt sub-encoding to TS1/0 on input line 378.
Package textcomp Info: Setting lmr sub-encoding to TS1/0 on input line 379.
Package textcomp Info: Setting lmdh sub-encoding to TS1/0 on input line 380.
Package textcomp Info: Setting lmss sub-encoding to TS1/0 on input line 381.
Package textcomp Info: Setting lmssq sub-encoding to TS1/0 on input line 382.
Package textcomp Info: Setting lmvtt sub-encoding to TS1/0 on input line 383.
Package textcomp Info: Setting lmtt sub-encoding to TS1/0 on input line 384.
Package textcomp Info: Setting qhv sub-encoding to TS1/0 on input line 385.
Package textcomp Info: Setting qag sub-encoding to TS1/0 on input line 386.
Package textcomp Info: Setting qbk sub-encoding to TS1/0 on input line 387.
Package textcomp Info: Setting qcr sub-encoding to TS1/0 on input line 388.
Package textcomp Info: Setting qcs sub-encoding to TS1/0 on input line 389.
Package textcomp Info: Setting qpl sub-encoding to TS1/0 on input line 390.
Package textcomp Info: Setting qtm sub-encoding to TS1/0 on input line 391.
Package textcomp Info: Setting qzc sub-encoding to TS1/0 on input line 392.
Package textcomp Info: Setting qhvc sub-encoding to TS1/0 on input line 393.
Package textcomp Info: Setting futs sub-encoding to TS1/4 on input line 394.
Package textcomp Info: Setting futx sub-encoding to TS1/4 on input line 395.
Package textcomp Info: Setting futj sub-encoding to TS1/4 on input line 396.
Package textcomp Info: Setting hlh sub-encoding to TS1/3 on input line 397.
Package textcomp Info: Setting hls sub-encoding to TS1/3 on input line 398.
Package textcomp Info: Setting hlst sub-encoding to TS1/3 on input line 399.
Package textcomp Info: Setting hlct sub-encoding to TS1/5 on input line 400.
Package textcomp Info: Setting hlx sub-encoding to TS1/5 on input line 401.
Package textcomp Info: Setting hlce sub-encoding to TS1/5 on input line 402.
Package textcomp Info: Setting hlcn sub-encoding to TS1/5 on input line 403.
Package textcomp Info: Setting hlcw sub-encoding to TS1/5 on input line 404.
Package textcomp Info: Setting hlcf sub-encoding to TS1/5 on input line 405.
Package textcomp Info: Setting pplx sub-encoding to TS1/3 on input line 406.
Package textcomp Info: Setting pplj sub-encoding to TS1/3 on input line 407.
Package textcomp Info: Setting ptmx sub-encoding to TS1/4 on input line 408.
Package textcomp Info: Setting ptmj sub-encoding to TS1/4 on input line 409.
)) (/usr/local/texlive/2019/texmf-dist/tex/latex/microtype/microtype.sty
Package: microtype 2019/02/28 v2.7b Micro-typographical refinements (RS)
(/usr/local/texlive/2019/texmf-dist/tex/latex/graphics/keyval.sty
Package: keyval 2014/10/28 v1.15 key=value parser (DPC)
\KV@toks@=\toks20
)
\MT@toks=\toks21
\MT@count=\count273
LaTeX Info: Redefining \textls on input line 790.
\MT@outer@kern=\dimen169
LaTeX Info: Redefining \textmicrotypecontext on input line 1336.
\MT@listname@count=\count274
(/usr/local/texlive/2019/texmf-dist/tex/latex/microtype/microtype-xetex.def
File: microtype-xetex.def 2019/02/28 v2.7b Definitions specific to xetex (RS)
LaTeX Info: Redefining \lsstyle on input line 258.
)
Package microtype Info: Loading configuration file microtype.cfg.
(/usr/local/texlive/2019/texmf-dist/tex/latex/microtype/microtype.cfg
File: microtype.cfg 2019/02/28 v2.7b microtype main configuration file (RS)
)) (/usr/local/texlive/2019/texmf-dist/tex/latex/parskip/parskip.sty
Package: parskip 2019-01-16 v2.0c non-zero parskip adjustments
(/usr/local/texlive/2019/texmf-dist/tex/latex/oberdiek/kvoptions.sty
Package: kvoptions 2016/05/16 v3.12 Key value format for package options (HO)
(/usr/local/texlive/2019/texmf-dist/tex/generic/oberdiek/ltxcmds.sty
Package: ltxcmds 2016/05/16 v1.23 LaTeX kernel commands for general use (HO)
) (/usr/local/texlive/2019/texmf-dist/tex/generic/oberdiek/kvsetkeys.sty
Package: kvsetkeys 2016/05/16 v1.17 Key value parser (HO)
(/usr/local/texlive/2019/texmf-dist/tex/generic/oberdiek/infwarerr.sty
Package: infwarerr 2016/05/16 v1.4 Providing info/warning/error messages (HO)
) (/usr/local/texlive/2019/texmf-dist/tex/generic/oberdiek/etexcmds.sty
Package: etexcmds 2016/05/16 v1.6 Avoid name clashes with e-TeX commands (HO)
))) (/usr/local/texlive/2019/texmf-dist/tex/latex/etoolbox/etoolbox.sty
Package: etoolbox 2018/08/19 v2.5f e-TeX tools for LaTeX (JAW)
\etb@tempcnta=\count275
)) (/usr/local/texlive/2019/texmf-dist/tex/latex/xcolor/xcolor.sty
Package: xcolor 2016/05/11 v2.12 LaTeX color extensions (UK)
(/usr/local/texlive/2019/texmf-dist/tex/latex/graphics-cfg/color.cfg
File: color.cfg 2016/01/02 v1.6 sample color configuration
)
Package xcolor Info: Driver file: xetex.def on input line 225.
(/usr/local/texlive/2019/texmf-dist/tex/latex/graphics-def/xetex.def
File: xetex.def 2017/06/24 v5.0h Graphics/color driver for xetex
)
Package xcolor Info: Model `cmy' substituted by `cmy0' on input line 1348.
Package xcolor Info: Model `RGB' extended on input line 1364.
Package xcolor Info: Model `HTML' substituted by `rgb' on input line 1366.
Package xcolor Info: Model `Hsb' substituted by `hsb' on input line 1367.
Package xcolor Info: Model `tHsb' substituted by `hsb' on input line 1368.
Package xcolor Info: Model `HSB' substituted by `hsb' on input line 1369.
Package xcolor Info: Model `Gray' substituted by `gray' on input line 1370.
Package xcolor Info: Model `wave' substituted by `hsb' on input line 1371.
(/usr/local/texlive/2019/texmf-dist/tex/latex/graphics/dvipsnam.def
File: dvipsnam.def 2016/06/17 v3.0m Driver-dependent file (DPC,SPQR)
) (/usr/local/texlive/2019/texmf-dist/tex/latex/xcolor/svgnam.def
File: svgnam.def 2016/05/11 v2.12 Predefined colors according to SVG 1.1 (UK)
) (/usr/local/texlive/2019/texmf-dist/tex/latex/xcolor/x11nam.def
File: x11nam.def 2016/05/11 v2.12 Predefined colors according to Unix/X11 (UK)
)) (/usr/local/texlive/2019/texmf-dist/tex/latex/xurl/xurl.sty
Package: xurl 2018/12/23 v 0.07 modify URL breaks
(/usr/local/texlive/2019/texmf-dist/tex/latex/url/url.sty
\Urlmuskip=\muskip18
Package: url 2013/09/16  ver 3.4  Verb mode for urls, etc.
)) (/usr/local/texlive/2019/texmf-dist/tex/latex/oberdiek/bookmark.sty
Package: bookmark 2016/05/17 v1.26 PDF bookmarks (HO)
(/usr/local/texlive/2019/texmf-dist/tex/generic/oberdiek/pdfescape.sty
Package: pdfescape 2016/05/16 v1.14 Implements pdfTeX's escape features (HO)
(/usr/local/texlive/2019/texmf-dist/tex/generic/oberdiek/pdftexcmds.sty
Package: pdftexcmds 2018/09/10 v0.29 Utility functions of pdfTeX for LuaTeX (HO
)
(/usr/local/texlive/2019/texmf-dist/tex/generic/oberdiek/ifpdf.sty
Package: ifpdf 2018/09/07 v3.3 Provides the ifpdf switch
)
Package pdftexcmds Info: LuaTeX not detected.
Package pdftexcmds Info: pdfTeX >= 1.30 not detected.
Package pdftexcmds Info: \pdf@primitive is available.
Package pdftexcmds Info: \pdf@ifprimitive is available.
Package pdftexcmds Info: \pdfdraftmode not found.
)) (/usr/local/texlive/2019/texmf-dist/tex/generic/oberdiek/ifvtex.sty
Package: ifvtex 2016/05/16 v1.6 Detect VTeX and its facilities (HO)
Package ifvtex Info: VTeX not detected.
) (/usr/local/texlive/2019/texmf-dist/tex/latex/hyperref/hyperref.sty
Package: hyperref 2018/11/30 v6.88e Hypertext links for LaTeX
(/usr/local/texlive/2019/texmf-dist/tex/generic/oberdiek/hobsub-hyperref.sty
Package: hobsub-hyperref 2016/05/16 v1.14 Bundle oberdiek, subset hyperref (HO)

(/usr/local/texlive/2019/texmf-dist/tex/generic/oberdiek/hobsub-generic.sty
Package: hobsub-generic 2016/05/16 v1.14 Bundle oberdiek, subset generic (HO)
Package: hobsub 2016/05/16 v1.14 Construct package bundles (HO)
Package hobsub Info: Skipping package `infwarerr' (already loaded).
Package hobsub Info: Skipping package `ltxcmds' (already loaded).
Package hobsub Info: Skipping package `ifluatex' (already loaded).
Package hobsub Info: Skipping package `ifvtex' (already loaded).
Package: intcalc 2016/05/16 v1.2 Expandable calculations with integers (HO)
Package hobsub Info: Skipping package `ifpdf' (already loaded).
Package hobsub Info: Skipping package `etexcmds' (already loaded).
Package hobsub Info: Skipping package `kvsetkeys' (already loaded).
Package: kvdefinekeys 2016/05/16 v1.4 Define keys (HO)
Package hobsub Info: Skipping package `pdftexcmds' (already loaded).
Package hobsub Info: Skipping package `pdfescape' (already loaded).
Package: bigintcalc 2016/05/16 v1.4 Expandable calculations on big integers (HO
)
Package: bitset 2016/05/16 v1.2 Handle bit-vector datatype (HO)
Package: uniquecounter 2016/05/16 v1.3 Provide unlimited unique counter (HO)
)
Package hobsub Info: Skipping package `hobsub' (already loaded).
Package: letltxmacro 2016/05/16 v1.5 Let assignment for LaTeX macros (HO)
Package: hopatch 2016/05/16 v1.3 Wrapper for package hooks (HO)
Package: xcolor-patch 2016/05/16 xcolor patch
Package: atveryend 2016/05/16 v1.9 Hooks at the very end of document (HO)
Package: atbegshi 2016/06/09 v1.18 At begin shipout hook (HO)
Package: refcount 2016/05/16 v3.5 Data extraction from label references (HO)
Package: hycolor 2016/05/16 v1.8 Color options for hyperref/bookmark (HO)
) (/usr/local/texlive/2019/texmf-dist/tex/latex/oberdiek/auxhook.sty
Package: auxhook 2016/05/16 v1.4 Hooks for auxiliary files (HO)
)
\@linkdim=\dimen170
\Hy@linkcounter=\count276
\Hy@pagecounter=\count277
(/usr/local/texlive/2019/texmf-dist/tex/latex/hyperref/pd1enc.def
File: pd1enc.def 2018/11/30 v6.88e Hyperref: PDFDocEncoding definition (HO)
)
\Hy@SavedSpaceFactor=\count278
(/usr/local/texlive/2019/texmf-dist/tex/latex/latexconfig/hyperref.cfg
File: hyperref.cfg 2002/06/06 v1.2 hyperref configuration of TeXLive
)
Package hyperref Info: Option `unicode' set `true' on input line 4393.
(/usr/local/texlive/2019/texmf-dist/tex/latex/hyperref/puenc.def
File: puenc.def 2018/11/30 v6.88e Hyperref: PDF Unicode definition (HO)
)
Package hyperref Info: Hyper figures OFF on input line 4519.
Package hyperref Info: Link nesting OFF on input line 4524.
Package hyperref Info: Hyper index ON on input line 4527.
Package hyperref Info: Plain pages OFF on input line 4534.
Package hyperref Info: Backreferencing OFF on input line 4539.
Package hyperref Info: Implicit mode ON; LaTeX internals redefined.
Package hyperref Info: Bookmarks ON on input line 4772.
\c@Hy@tempcnt=\count279
LaTeX Info: Redefining \url on input line 5125.
\XeTeXLinkMargin=\dimen171
\Fld@menulength=\count280
\Field@Width=\dimen172
\Fld@charsize=\dimen173
Package hyperref Info: Hyper figures OFF on input line 6380.
Package hyperref Info: Link nesting OFF on input line 6385.
Package hyperref Info: Hyper index ON on input line 6388.
Package hyperref Info: backreferencing OFF on input line 6395.
Package hyperref Info: Link coloring OFF on input line 6400.
Package hyperref Info: Link coloring with OCG OFF on input line 6405.
Package hyperref Info: PDF/A mode OFF on input line 6410.
LaTeX Info: Redefining \ref on input line 6450.
LaTeX Info: Redefining \pageref on input line 6454.
\Hy@abspage=\count281
\c@Item=\count282
\c@Hfootnote=\count283
)
Package hyperref Info: Driver (autodetected): hxetex.
(/usr/local/texlive/2019/texmf-dist/tex/latex/hyperref/hxetex.def
File: hxetex.def 2018/11/30 v6.88e Hyperref driver for XeTeX
(/usr/local/texlive/2019/texmf-dist/tex/generic/oberdiek/stringenc.sty
Package: stringenc 2016/05/16 v1.11 Convert strings between diff. encodings (HO
)
)
\pdfm@box=\box73
\c@Hy@AnnotLevel=\count284
\HyField@AnnotCount=\count285
\Fld@listcount=\count286
\c@bookmark@seq@number=\count287
(/usr/local/texlive/2019/texmf-dist/tex/latex/oberdiek/rerunfilecheck.sty
Package: rerunfilecheck 2016/05/16 v1.8 Rerun checks for auxiliary files (HO)
Package uniquecounter Info: New unique counter `rerunfilecheck' on input line 2
82.
)
\Hy@SectionHShift=\skip80
) (/usr/local/texlive/2019/texmf-dist/tex/latex/oberdiek/bkm-dvipdfm.def
File: bkm-dvipdfm.def 2016/05/17 v1.26 bookmark driver for dvipdfm (HO)
\BKM@id=\count288
))
Package hyperref Info: Option `colorlinks' set `true' on input line 48.
(/usr/local/texlive/2019/texmf-dist/tex/latex/tools/longtable.sty
Package: longtable 2014/10/28 v4.11 Multi-page Table package (DPC)+ FMi change
\LTleft=\skip81
\LTright=\skip82
\LTpre=\skip83
\LTpost=\skip84
\LTchunksize=\count289
\LTcapwidth=\dimen174
\LT@head=\box74
\LT@firsthead=\box75
\LT@foot=\box76
\LT@lastfoot=\box77
\LT@cols=\count290
\LT@rows=\count291
\c@LT@tables=\count292
\c@LT@chunks=\count293
\LT@p@ftn=\toks22
) (/usr/local/texlive/2019/texmf-dist/tex/latex/booktabs/booktabs.sty
Package: booktabs 2016/04/27 v1.618033 publication quality tables
\heavyrulewidth=\dimen175
\lightrulewidth=\dimen176
\cmidrulewidth=\dimen177
\belowrulesep=\dimen178
\belowbottomsep=\dimen179
\aboverulesep=\dimen180
\abovetopsep=\dimen181
\cmidrulesep=\dimen182
\cmidrulekern=\dimen183
\defaultaddspace=\dimen184
\@cmidla=\count294
\@cmidlb=\count295
\@aboverulesep=\dimen185
\@belowrulesep=\dimen186
\@thisruleclass=\count296
\@lastruleclass=\count297
\@thisrulewidth=\dimen187
) (/usr/local/texlive/2019/texmf-dist/tex/latex/footnotehyper/footnotehyper.sty
Package: footnotehyper 2018/01/23 v1.1 hyperref aware footnote.sty (JFB)
\FNH@notes=\box78
\FNH@width=\dimen188
) (/usr/local/texlive/2019/texmf-dist/tex/latex/graphics/graphicx.sty
Package: graphicx 2017/06/01 v1.1a Enhanced LaTeX Graphics (DPC,SPQR)
(/usr/local/texlive/2019/texmf-dist/tex/latex/graphics/graphics.sty
Package: graphics 2017/06/25 v1.2c Standard LaTeX Graphics (DPC,SPQR)
(/usr/local/texlive/2019/texmf-dist/tex/latex/graphics/trig.sty
Package: trig 2016/01/03 v1.10 sin cos tan (DPC)
) (/usr/local/texlive/2019/texmf-dist/tex/latex/graphics-cfg/graphics.cfg
File: graphics.cfg 2016/06/04 v1.11 sample graphics configuration
)
Package graphics Info: Driver file: xetex.def on input line 99.
)
\Gin@req@height=\dimen189
\Gin@req@width=\dimen190
) (/usr/local/texlive/2019/texmf-dist/tex/latex/caption/caption.sty
Package: caption 2018/10/06 v3.3-154 Customizing captions (AR)
(/usr/local/texlive/2019/texmf-dist/tex/latex/caption/caption3.sty
Package: caption3 2018/09/12 v1.8c caption3 kernel (AR)
Package caption3 Info: TeX engine: e-TeX on input line 64.
\captionmargin=\dimen191
\captionmargin@=\dimen192
\captionwidth=\dimen193
\caption@tempdima=\dimen194
\caption@indent=\dimen195
\caption@parindent=\dimen196
\caption@hangindent=\dimen197
Package caption Info: Unknown document class (or package),
(caption)             standard defaults will be used.
)

Package caption Warning: Unsupported document class (or package) detected,
(caption)                usage of the caption package is not recommended.
See the caption package documentation for explanation.

Package caption Info: \@makecaption = \long macro:#1#2->\vskip \abovecaptionski
p \sbox \@tempboxa {#1: #2}\ifdim \wd \@tempboxa >\hsize {\FigCapFont #1} #2\pa
r \else \global \@minipagefalse {\FigCapFont #1} #2\par \fi \vskip \belowcaptio
nskip .
\c@caption@flags=\count298
\c@ContinuedFloat=\count299
Package caption Info: hyperref package is loaded.
Package caption Info: longtable package is loaded.
(/usr/local/texlive/2019/texmf-dist/tex/latex/caption/ltcaption.sty
Package: ltcaption 2018/08/26 v1.4-95 longtable captions (AR)
))

Package fontspec Info: Alegreya scale = 0.9535399910540218.


Package fontspec Info: Alegreya scale = 0.9535399910540218.


Package fontspec Info: AlegreyaSC-Regular scale = 0.9535399910540218.


Package fontspec Info: Alegreya/B scale = 0.9349239404763547.


Package fontspec Info: Alegreya/B scale = 0.9349239404763547.


Package fontspec Info: Alegreya/I scale = 0.9535399910540218.


Package fontspec Info: Alegreya/I scale = 0.9535399910540218.


Package fontspec Info: Alegreya/BI scale = 0.9349239404763547.


Package fontspec Info: Alegreya/BI scale = 0.9349239404763547.


Package fontspec Info: Font family 'Alegreya(0)' created for font 'Alegreya'
(fontspec)             with options
(fontspec)             [Scale=MatchLowercase,Ligatures=TeX,Scale=1,UprightFeatu
res={SmallCapsFont=AlegreyaSC-Regular}].
(fontspec)              
(fontspec)              This font family consists of the following NFSS
(fontspec)             series/shapes:
(fontspec)              
(fontspec)             - 'normal' (m/n) with NFSS spec.:
(fontspec)             <->s*[1]"Alegreya/OT:script=latn;language=DFLT;mapping=t
ex-text;"
(fontspec)             - 'small caps'  (m/sc) with NFSS spec.:
(fontspec)             <->s*[1]"AlegreyaSC-Regular/OT:script=latn;language=DFLT
;mapping=tex-text;"
(fontspec)             - 'bold' (bx/n) with NFSS spec.:
(fontspec)             <->s*[1]"Alegreya/B/OT:script=latn;language=DFLT;mapping
=tex-text;"
(fontspec)             - 'bold small caps'  (bx/sc) with NFSS spec.:
(fontspec)             <->s*[1]"Alegreya/B/OT:script=latn;language=DFLT;+smcp;m
apping=tex-text;"
(fontspec)             - 'italic' (m/it) with NFSS spec.:
(fontspec)             <->s*[1]"Alegreya/I/OT:script=latn;language=DFLT;mapping
=tex-text;"
(fontspec)             - 'italic small caps'  (m/itsc) with NFSS spec.:
(fontspec)             <->s*[1]"Alegreya/I/OT:script=latn;language=DFLT;+smcp;m
apping=tex-text;"
(fontspec)             - 'bold italic' (bx/it) with NFSS spec.:
(fontspec)             <->s*[1]"Alegreya/BI/OT:script=latn;language=DFLT;mappin
g=tex-text;"
(fontspec)             - 'bold italic small caps'  (bx/itsc) with NFSS spec.:
(fontspec)             <->s*[1]"Alegreya/BI/OT:script=latn;language=DFLT;+smcp;
mapping=tex-text;"

LaTeX Info: Redefining \rmfamily on input line 82.
LaTeX Font Info:    Font shape `TU/Alegreya(0)/m/n' will be
(Font)              scaled to size 12.0pt on input line 82.

Package fontspec Info: Alegreya scale = 1.


Package fontspec Info: Alegreya scale = 1.


Package fontspec Info: AlegreyaSC-Regular scale = 1.


Package fontspec Info: Alegreya/B scale = 0.9804769063150783.


Package fontspec Info: Alegreya/B scale = 0.9804769063150783.


Package fontspec Info: Alegreya/I scale = 1.


Package fontspec Info: Alegreya/I scale = 1.


Package fontspec Info: Alegreya/BI scale = 0.9804769063150783.


Package fontspec Info: Alegreya/BI scale = 0.9804769063150783.


Package fontspec Info: Font family 'Alegreya(1)' created for font 'Alegreya'
(fontspec)             with options
(fontspec)             [Scale=MatchLowercase,UprightFeatures={SmallCapsFont=Ale
greyaSC-Regular}].
(fontspec)              
(fontspec)              This font family consists of the following NFSS
(fontspec)             series/shapes:
(fontspec)              
(fontspec)             - 'normal' (m/n) with NFSS spec.:
(fontspec)             <->s*[1]"Alegreya/OT:script=latn;language=DFLT;"
(fontspec)             - 'small caps'  (m/sc) with NFSS spec.:
(fontspec)             <->s*[1]"AlegreyaSC-Regular/OT:script=latn;language=DFLT
;"
(fontspec)             - 'bold' (bx/n) with NFSS spec.:
(fontspec)             <->s*[0.9804769063150783]"Alegreya/B/OT:script=latn;lang
uage=DFLT;"
(fontspec)             - 'bold small caps'  (bx/sc) with NFSS spec.:
(fontspec)             <->s*[0.9804769063150783]"Alegreya/B/OT:script=latn;lang
uage=DFLT;+smcp;"
(fontspec)             - 'italic' (m/it) with NFSS spec.:
(fontspec)             <->s*[1]"Alegreya/I/OT:script=latn;language=DFLT;"
(fontspec)             - 'italic small caps'  (m/itsc) with NFSS spec.:
(fontspec)             <->s*[1]"Alegreya/I/OT:script=latn;language=DFLT;+smcp;"

(fontspec)             - 'bold italic' (bx/it) with NFSS spec.:
(fontspec)             <->s*[0.9804769063150783]"Alegreya/BI/OT:script=latn;lan
guage=DFLT;"
(fontspec)             - 'bold italic small caps'  (bx/itsc) with NFSS spec.:
(fontspec)             <->s*[0.9804769063150783]"Alegreya/BI/OT:script=latn;lan
guage=DFLT;+smcp;"

LaTeX Font Info:    Overwriting math alphabet `\mathrm' in version `normal'
(Font)                  OT1/lmr/m/n --> TU/Alegreya(1)/m/n on input line 82.
LaTeX Font Info:    Overwriting math alphabet `\mathit' in version `normal'
(Font)                  OT1/lmr/m/it --> TU/Alegreya(1)/m/it on input line 82.
LaTeX Font Info:    Overwriting math alphabet `\mathbf' in version `normal'
(Font)                  OT1/lmr/bx/n --> TU/Alegreya(1)/bx/n on input line 82.
(/usr/local/texlive/2019/texmf-dist/tex/latex/framed/framed.sty
Package: framed 2011/10/22 v 0.96: framed or shaded text with page breaks
\OuterFrameSep=\skip85
\fb@frw=\dimen198
\fb@frh=\dimen199
\FrameRule=\dimen256
\FrameSep=\dimen257
) (/usr/local/texlive/2019/texmf-dist/tex/latex/base/makeidx.sty
Package: makeidx 2014/09/29 v1.0m Standard LaTeX package
)
\@indexfile=\write3
\openout3 = `NCOP_Annual_Report_2019.idx'.

Writing index file NCOP_Annual_Report_2019.idx
(/usr/local/texlive/2019/texmf-dist/tex/latex/amscls/amsthm.sty
Package: amsthm 2017/10/31 v2.20.4
\thm@style=\toks23
\thm@bodyfont=\toks24
\thm@headfont=\toks25
\thm@notefont=\toks26
\thm@headpunct=\toks27
\thm@preskip=\skip86
\thm@postskip=\skip87
\thm@headsep=\skip88
\dth@everypar=\toks28
) (/usr/local/texlive/2019/texmf-dist/tex/latex/natbib/natbib.sty
Package: natbib 2010/09/13 8.31b (PWD, AO)
\bibhang=\skip89
\bibsep=\skip90
LaTeX Info: Redefining \cite on input line 694.
\c@NAT@ctr=\count300
) (./NCOP_Annual_Report_2019.aux)
\openout1 = `NCOP_Annual_Report_2019.aux'.

LaTeX Font Info:    Checking defaults for OML/cmm/m/it on input line 200.
LaTeX Font Info:    ... okay on input line 200.
LaTeX Font Info:    Checking defaults for T1/cmr/m/n on input line 200.
LaTeX Font Info:    ... okay on input line 200.
LaTeX Font Info:    Checking defaults for OT1/cmr/m/n on input line 200.
LaTeX Font Info:    ... okay on input line 200.
LaTeX Font Info:    Checking defaults for OMS/cmsy/m/n on input line 200.
LaTeX Font Info:    ... okay on input line 200.
LaTeX Font Info:    Checking defaults for TU/lmr/m/n on input line 200.
LaTeX Font Info:    ... okay on input line 200.
LaTeX Font Info:    Checking defaults for OMX/cmex/m/n on input line 200.
LaTeX Font Info:    ... okay on input line 200.
LaTeX Font Info:    Checking defaults for U/cmr/m/n on input line 200.
LaTeX Font Info:    ... okay on input line 200.
LaTeX Font Info:    Checking defaults for TS1/cmr/m/n on input line 200.
LaTeX Font Info:    ... okay on input line 200.
LaTeX Font Info:    Checking defaults for PD1/pdf/m/n on input line 200.
LaTeX Font Info:    ... okay on input line 200.
LaTeX Font Info:    Checking defaults for PU/pdf/m/n on input line 200.
LaTeX Font Info:    ... okay on input line 200.
LaTeX Font Info:    Font shape `TU/Alegreya(0)/m/n' will be
(Font)              scaled to size 6.0pt on input line 200.
LaTeX Font Info:    Overwriting math alphabet `\mathsf' in version `normal'
(Font)                  OT1/lmss/m/n --> TU/lmss/m/n on input line 200.
LaTeX Font Info:    Overwriting math alphabet `\mathsf' in version `bold'
(Font)                  OT1/lmss/bx/n --> TU/lmss/bx/n on input line 200.

Package fontspec Info: latinmodern-math scale = 1.048723713092119.


Package fontspec Info: latinmodern-math scale = 1.048723713092119.


Package fontspec Info: latinmodern-math scale = 1.048723713092119.


Package fontspec Info: Font family 'latinmodern-math.otf(0)' created for font
(fontspec)             'latinmodern-math.otf' with options
(fontspec)             [Scale=MatchLowercase,BoldItalicFont={},ItalicFont={},Sm
allCapsFont={},Script=Math,BoldFont={latinmodern-math.otf}].
(fontspec)              
(fontspec)              This font family consists of the following NFSS
(fontspec)             series/shapes:
(fontspec)              
(fontspec)             - 'normal' (m/n) with NFSS spec.:
(fontspec)             <->s*[1.048723713092119]"[latinmodern-math.otf]/OT:scrip
t=math;language=DFLT;"
(fontspec)             - 'small caps'  (m/sc) with NFSS spec.: 
(fontspec)             - 'bold' (bx/n) with NFSS spec.:
(fontspec)             <->s*[1.048723713092119]"[latinmodern-math.otf]/OT:scrip
t=math;language=DFLT;"
(fontspec)             - 'bold small caps'  (bx/sc) with NFSS spec.: 

LaTeX Font Info:    Font shape `TU/latinmodern-math.otf(0)/m/n' will be
(Font)              scaled to size 12.58466pt on input line 200.

Package fontspec Info: latinmodern-math scale = 1.048723713092119.


Package fontspec Info: latinmodern-math scale = 1.048723713092119.


Package fontspec Info: latinmodern-math scale = 1.048723713092119.


Package fontspec Info: latinmodern-math scale = 1.048723713092119.


Package fontspec Info: latinmodern-math scale = 1.048723713092119.


Package fontspec Info: Font family 'latinmodern-math.otf(1)' created for font
(fontspec)             'latinmodern-math.otf' with options
(fontspec)             [Scale=MatchLowercase,BoldItalicFont={},ItalicFont={},Sm
allCapsFont={},Script=Math,SizeFeatures={{Size=10.2-},{Size=7.2-10.2,Font=latin
modern-math.otf,Style=MathScript},{Size=-7.2,Font=latinmodern-math.otf,Style=Ma
thScriptScript}},BoldFont={latinmodern-math.otf}].
(fontspec)              
(fontspec)              This font family consists of the following NFSS
(fontspec)             series/shapes:
(fontspec)              
(fontspec)             - 'normal' (m/n) with NFSS spec.:
(fontspec)             <10.2->s*[1.048723713092119]"[latinmodern-math.otf]/OT:s
cript=math;language=DFLT;"<7.2-10.2>s*[1.048723713092119]"[latinmodern-math.otf
]/OT:script=math;language=DFLT;+ssty=0;"<-7.2>s*[1.048723713092119]"[latinmoder
n-math.otf]/OT:script=math;language=DFLT;+ssty=1;"
(fontspec)             - 'small caps'  (m/sc) with NFSS spec.: 
(fontspec)             - 'bold' (bx/n) with NFSS spec.:
(fontspec)             <->s*[1.048723713092119]"[latinmodern-math.otf]/OT:scrip
t=math;language=DFLT;"
(fontspec)             - 'bold small caps'  (bx/sc) with NFSS spec.: 

LaTeX Font Info:    Font shape `TU/latinmodern-math.otf(1)/m/n' will be
(Font)              scaled to size 12.58466pt on input line 200.
LaTeX Font Info:    Encoding `OT1' has changed to `TU' for symbol font
(Font)              `operators' in the math version `normal' on input line 200.

LaTeX Font Info:    Overwriting symbol font `operators' in version `normal'
(Font)                  OT1/lmr/m/n --> TU/latinmodern-math.otf(1)/m/n on input
 line 200.
LaTeX Font Info:    Encoding `OT1' has changed to `TU' for symbol font
(Font)              `operators' in the math version `bold' on input line 200.
LaTeX Font Info:    Overwriting symbol font `operators' in version `bold'
(Font)                  OT1/lmr/bx/n --> TU/latinmodern-math.otf(1)/bx/n on inp
ut line 200.

Package fontspec Info: latinmodern-math scale = 1.048723713092119.


Package fontspec Info: latinmodern-math scale = 1.048828585463428.


Package fontspec Info: latinmodern-math scale = 1.048723713092119.


Package fontspec Info: latinmodern-math scale = 1.048828585463428.


Package fontspec Info: latinmodern-math scale = 1.048723713092119.


Package fontspec Info: latinmodern-math scale = 1.048828585463428.


Package fontspec Info: latinmodern-math scale = 1.048723713092119.


Package fontspec Info: latinmodern-math scale = 1.048828585463428.


Package fontspec Info: latinmodern-math scale = 1.048723713092119.


Package fontspec Info: latinmodern-math scale = 1.048828585463428.


Package fontspec Info: Font family 'latinmodern-math.otf(2)' created for font
(fontspec)             'latinmodern-math.otf' with options
(fontspec)             [Scale=MatchLowercase,BoldItalicFont={},ItalicFont={},Sm
allCapsFont={},Script=Math,SizeFeatures={{Size=10.2-},{Size=7.2-10.2,Font=latin
modern-math.otf,Style=MathScript},{Size=-7.2,Font=latinmodern-math.otf,Style=Ma
thScriptScript}},BoldFont={latinmodern-math.otf},ScaleAgain=1.0001,FontAdjustme
nt={\fontdimen
(fontspec)             8\font =8.5198pt\relax \fontdimen 9\font
(fontspec)             =4.95836pt\relax \fontdimen 10\font =5.58759pt\relax
(fontspec)             \fontdimen 11\font =8.63307pt\relax \fontdimen 12\font
(fontspec)             =4.3417pt\relax \fontdimen 13\font =4.56824pt\relax
(fontspec)             \fontdimen 14\font =4.56824pt\relax \fontdimen 15\font
(fontspec)             =3.63696pt\relax \fontdimen 16\font =3.10841pt\relax
(fontspec)             \fontdimen 17\font =3.10841pt\relax \fontdimen 18\font
(fontspec)             =3.14616pt\relax \fontdimen 19\font =2.51694pt\relax
(fontspec)             \fontdimen 22\font =3.14616pt\relax \fontdimen 20\font
(fontspec)             =0pt\relax \fontdimen 21\font =0pt\relax }].
(fontspec)              
(fontspec)              This font family consists of the following NFSS
(fontspec)             series/shapes:
(fontspec)              
(fontspec)             - 'normal' (m/n) with NFSS spec.:
(fontspec)             <10.2->s*[1.048828585463428]"[latinmodern-math.otf]/OT:s
cript=math;language=DFLT;"<7.2-10.2>s*[1.048828585463428]"[latinmodern-math.otf
]/OT:script=math;language=DFLT;+ssty=0;"<-7.2>s*[1.048828585463428]"[latinmoder
n-math.otf]/OT:script=math;language=DFLT;+ssty=1;"
(fontspec)             - 'small caps'  (m/sc) with NFSS spec.: 
(fontspec)             and font adjustment code:
(fontspec)             \fontdimen 8\font =8.5198pt\relax \fontdimen 9\font
(fontspec)             =4.95836pt\relax \fontdimen 10\font =5.58759pt\relax
(fontspec)             \fontdimen 11\font =8.63307pt\relax \fontdimen 12\font
(fontspec)             =4.3417pt\relax \fontdimen 13\font =4.56824pt\relax
(fontspec)             \fontdimen 14\font =4.56824pt\relax \fontdimen 15\font
(fontspec)             =3.63696pt\relax \fontdimen 16\font =3.10841pt\relax
(fontspec)             \fontdimen 17\font =3.10841pt\relax \fontdimen 18\font
(fontspec)             =3.14616pt\relax \fontdimen 19\font =2.51694pt\relax
(fontspec)             \fontdimen 22\font =3.14616pt\relax \fontdimen 20\font
(fontspec)             =0pt\relax \fontdimen 21\font =0pt\relax 
(fontspec)             - 'bold' (bx/n) with NFSS spec.:
(fontspec)             <->s*[1.048828585463428]"[latinmodern-math.otf]/OT:scrip
t=math;language=DFLT;"
(fontspec)             - 'bold small caps'  (bx/sc) with NFSS spec.: 
(fontspec)             and font adjustment code:
(fontspec)             \fontdimen 8\font =8.5198pt\relax \fontdimen 9\font
(fontspec)             =4.95836pt\relax \fontdimen 10\font =5.58759pt\relax
(fontspec)             \fontdimen 11\font =8.63307pt\relax \fontdimen 12\font
(fontspec)             =4.3417pt\relax \fontdimen 13\font =4.56824pt\relax
(fontspec)             \fontdimen 14\font =4.56824pt\relax \fontdimen 15\font
(fontspec)             =3.63696pt\relax \fontdimen 16\font =3.10841pt\relax
(fontspec)             \fontdimen 17\font =3.10841pt\relax \fontdimen 18\font
(fontspec)             =3.14616pt\relax \fontdimen 19\font =2.51694pt\relax
(fontspec)             \fontdimen 22\font =3.14616pt\relax \fontdimen 20\font
(fontspec)             =0pt\relax \fontdimen 21\font =0pt\relax 

LaTeX Font Info:    Encoding `OMS' has changed to `TU' for symbol font
(Font)              `symbols' in the math version `normal' on input line 200.
LaTeX Font Info:    Overwriting symbol font `symbols' in version `normal'
(Font)                  OMS/lmsy/m/n --> TU/latinmodern-math.otf(2)/m/n on inpu
t line 200.
LaTeX Font Info:    Encoding `OMS' has changed to `TU' for symbol font
(Font)              `symbols' in the math version `bold' on input line 200.
LaTeX Font Info:    Overwriting symbol font `symbols' in version `bold'
(Font)                  OMS/lmsy/b/n --> TU/latinmodern-math.otf(2)/bx/n on inp
ut line 200.

Package fontspec Info: latinmodern-math scale = 1.048723713092119.


Package fontspec Info: latinmodern-math scale = 1.04861884072081.


Package fontspec Info: latinmodern-math scale = 1.048723713092119.


Package fontspec Info: latinmodern-math scale = 1.04861884072081.


Package fontspec Info: latinmodern-math scale = 1.048723713092119.


Package fontspec Info: latinmodern-math scale = 1.04861884072081.


Package fontspec Info: latinmodern-math scale = 1.048723713092119.


Package fontspec Info: latinmodern-math scale = 1.04861884072081.


Package fontspec Info: latinmodern-math scale = 1.048723713092119.


Package fontspec Info: latinmodern-math scale = 1.04861884072081.


Package fontspec Info: Font family 'latinmodern-math.otf(3)' created for font
(fontspec)             'latinmodern-math.otf' with options
(fontspec)             [Scale=MatchLowercase,BoldItalicFont={},ItalicFont={},Sm
allCapsFont={},Script=Math,SizeFeatures={{Size=10.2-},{Size=7.2-10.2,Font=latin
modern-math.otf,Style=MathScript},{Size=-7.2,Font=latinmodern-math.otf,Style=Ma
thScriptScript}},BoldFont={latinmodern-math.otf},ScaleAgain=0.9999,FontAdjustme
nt={\fontdimen
(fontspec)             8\font =0.50339pt\relax \fontdimen 9\font
(fontspec)             =2.51694pt\relax \fontdimen 10\font =2.10164pt\relax
(fontspec)             \fontdimen 11\font =1.3969pt\relax \fontdimen 12\font
(fontspec)             =7.5508pt\relax \fontdimen 13\font =0pt\relax }].
(fontspec)              
(fontspec)              This font family consists of the following NFSS
(fontspec)             series/shapes:
(fontspec)              
(fontspec)             - 'normal' (m/n) with NFSS spec.:
(fontspec)             <10.2->s*[1.04861884072081]"[latinmodern-math.otf]/OT:sc
ript=math;language=DFLT;"<7.2-10.2>s*[1.04861884072081]"[latinmodern-math.otf]/
OT:script=math;language=DFLT;+ssty=0;"<-7.2>s*[1.04861884072081]"[latinmodern-m
ath.otf]/OT:script=math;language=DFLT;+ssty=1;"
(fontspec)             - 'small caps'  (m/sc) with NFSS spec.: 
(fontspec)             and font adjustment code:
(fontspec)             \fontdimen 8\font =0.50339pt\relax \fontdimen 9\font
(fontspec)             =2.51694pt\relax \fontdimen 10\font =2.10164pt\relax
(fontspec)             \fontdimen 11\font =1.3969pt\relax \fontdimen 12\font
(fontspec)             =7.5508pt\relax \fontdimen 13\font =0pt\relax 
(fontspec)             - 'bold' (bx/n) with NFSS spec.:
(fontspec)             <->s*[1.04861884072081]"[latinmodern-math.otf]/OT:script
=math;language=DFLT;"
(fontspec)             - 'bold small caps'  (bx/sc) with NFSS spec.: 
(fontspec)             and font adjustment code:
(fontspec)             \fontdimen 8\font =0.50339pt\relax \fontdimen 9\font
(fontspec)             =2.51694pt\relax \fontdimen 10\font =2.10164pt\relax
(fontspec)             \fontdimen 11\font =1.3969pt\relax \fontdimen 12\font
(fontspec)             =7.5508pt\relax \fontdimen 13\font =0pt\relax 

LaTeX Font Info:    Encoding `OMX' has changed to `TU' for symbol font
(Font)              `largesymbols' in the math version `normal' on input line 2
00.
LaTeX Font Info:    Overwriting symbol font `largesymbols' in version `normal'
(Font)                  OMX/lmex/m/n --> TU/latinmodern-math.otf(3)/m/n on inpu
t line 200.
LaTeX Font Info:    Encoding `OMX' has changed to `TU' for symbol font
(Font)              `largesymbols' in the math version `bold' on input line 200
.
LaTeX Font Info:    Overwriting symbol font `largesymbols' in version `bold'
(Font)                  OMX/lmex/m/n --> TU/latinmodern-math.otf(3)/bx/n on inp
ut line 200.
LaTeX Info: Redefining \microtypecontext on input line 200.
Package microtype Info: Character protrusion enabled (level 2).
Package microtype Info: Using protrusion set `basicmath'.
Package microtype Info: No adjustment of tracking.
Package microtype Info: No adjustment of spacing.
Package microtype Info: No adjustment of kerning.
Package microtype Info: Loading generic protrusion settings for font family
(microtype)             `Alegreya' (encoding: TU).
(microtype)             For optimal results, create family-specific settings.
(microtype)             See the microtype manual for details.
\AtBeginShipoutBox=\box79
Package hyperref Info: Link coloring ON on input line 200.
(/usr/local/texlive/2019/texmf-dist/tex/latex/hyperref/nameref.sty
Package: nameref 2016/05/21 v2.44 Cross-referencing by name of section
(/usr/local/texlive/2019/texmf-dist/tex/generic/oberdiek/gettitlestring.sty
Package: gettitlestring 2016/05/16 v1.5 Cleanup title references (HO)
)
\c@section@level=\count301
)
LaTeX Info: Redefining \ref on input line 200.
LaTeX Info: Redefining \pageref on input line 200.
LaTeX Info: Redefining \nameref on input line 200.
Package caption Info: Begin \AtBeginDocument code.
Package caption Info: End \AtBeginDocument code.
LaTeX Font Info:    Font shape `TU/Alegreya(0)/m/it' will be
(Font)              scaled to size 10.0pt on input line 202.
LaTeX Font Info:    Font shape `TU/Alegreya(0)/m/n' will be
(Font)              scaled to size 8.0pt on input line 202.
LaTeX Font Info:    Font shape `TU/Alegreya(0)/m/sl' in size <24> not available

(Font)              Font shape `TU/Alegreya(0)/m/it' tried instead on input lin
e 202.
LaTeX Font Info:    Font shape `TU/Alegreya(0)/m/it' will be
(Font)              scaled to size 24.0pt on input line 202.
LaTeX Font Info:    Font shape `TU/Alegreya(0)/bx/sl' in size <24> not availabl
e
(Font)              Font shape `TU/Alegreya(0)/bx/it' tried instead on input li
ne 202.
LaTeX Font Info:    Font shape `TU/Alegreya(0)/bx/it' will be
(Font)              scaled to size 24.0pt on input line 202.
LaTeX Font Info:    Font shape `TU/Alegreya(0)/bx/sl' in size <14.4> not availa
ble
(Font)              Font shape `TU/Alegreya(0)/bx/it' tried instead on input li
ne 202.
LaTeX Font Info:    Font shape `TU/Alegreya(0)/bx/it' will be
(Font)              scaled to size 14.4pt on input line 202.

Underfull \vbox (badness 10000) has occurred while \output is active []


Overfull \hbox (336.25pt too wide) has occurred while \output is active
[]
 []


Underfull \vbox (badness 10000) has occurred while \output is active []


Overfull \hbox (336.25pt too wide) has occurred while \output is active
[]
 []


Underfull \vbox (badness 10000) has occurred while \output is active []


Overfull \hbox (336.25pt too wide) has occurred while \output is active
[]
 []


Underfull \vbox (badness 10000) has occurred while \output is active []


Overfull \hbox (336.25pt too wide) has occurred while \output is active
[]
 []


Underfull \hbox (badness 10000) has occurred while \output is active
 [][][][] 
 []

[1



]
Underfull \vbox (badness 10000) has occurred while \output is active []


Overfull \hbox (336.25pt too wide) has occurred while \output is active
[]
 []


Underfull \vbox (badness 10000) has occurred while \output is active []


Overfull \hbox (336.25pt too wide) has occurred while \output is active
[]
 []


Underfull \vbox (badness 10000) has occurred while \output is active []


Overfull \hbox (336.25pt too wide) has occurred while \output is active
[]
 []


Underfull \vbox (badness 10000) has occurred while \output is active []


Overfull \hbox (336.25pt too wide) has occurred while \output is active
[]
 []


Underfull \hbox (badness 10000) has occurred while \output is active
 [][][][] 
 []

[2

]
Underfull \vbox (badness 10000) detected at line 217
 []


Overfull \hbox (336.25pt too wide) detected at line 217
[]
 []


Underfull \vbox (badness 10000) detected at line 217
 []


Overfull \hbox (336.25pt too wide) detected at line 217
[]
 []


Underfull \vbox (badness 10000) detected at line 217
 []


Overfull \hbox (336.25pt too wide) detected at line 217
[]
 []


Underfull \vbox (badness 10000) detected at line 217
 []


Overfull \hbox (336.25pt too wide) detected at line 217
[]
 []


Underfull \hbox (badness 10000) detected at line 217
[]
 []

LaTeX Font Info:    Font shape `TU/Alegreya(0)/m/sl' in size <18> not available

(Font)              Font shape `TU/Alegreya(0)/m/it' tried instead on input lin
e 217.
LaTeX Font Info:    Font shape `TU/Alegreya(0)/m/it' will be
(Font)              scaled to size 18.0pt on input line 217.
LaTeX Font Info:    Font shape `TU/Alegreya(0)/bx/sl' in size <18> not availabl
e
(Font)              Font shape `TU/Alegreya(0)/bx/it' tried instead on input li
ne 217.
LaTeX Font Info:    Font shape `TU/Alegreya(0)/bx/it' will be
(Font)              scaled to size 18.0pt on input line 217.
(./NCOP_Annual_Report_2019.toc
LaTeX Font Info:    Font shape `TU/Alegreya(0)/bx/n' will be
(Font)              scaled to size 12.0pt on input line 2.
LaTeX Font Info:    Font shape `TU/Alegreya(0)/m/it' will be
(Font)              scaled to size 12.0pt on input line 4.
LaTeX Font Info:    Font shape `TU/latinmodern-math.otf(1)/m/n' will be
(Font)              scaled to size 8.80925pt on input line 6.
LaTeX Font Info:    Font shape `TU/latinmodern-math.otf(1)/m/n' will be
(Font)              scaled to size 6.29233pt on input line 6.
LaTeX Font Info:    Try loading font information for OML+lmm on input line 6.
(/usr/local/texlive/2019/texmf-dist/tex/latex/lm/omllmm.fd
File: omllmm.fd 2009/10/30 v1.6 Font defs for Latin Modern
)
LaTeX Font Info:    Font shape `TU/latinmodern-math.otf(2)/m/n' will be
(Font)              scaled to size 12.58594pt on input line 6.
LaTeX Font Info:    Font shape `TU/latinmodern-math.otf(2)/m/n' will be
(Font)              scaled to size 8.81013pt on input line 6.
LaTeX Font Info:    Font shape `TU/latinmodern-math.otf(2)/m/n' will be
(Font)              scaled to size 6.29297pt on input line 6.
LaTeX Font Info:    Font shape `TU/latinmodern-math.otf(3)/m/n' will be
(Font)              scaled to size 12.58337pt on input line 6.
LaTeX Font Info:    Font shape `TU/latinmodern-math.otf(3)/m/n' will be
(Font)              scaled to size 8.80835pt on input line 6.
LaTeX Font Info:    Font shape `TU/latinmodern-math.otf(3)/m/n' will be
(Font)              scaled to size 6.29169pt on input line 6.
LaTeX Font Info:    Try loading font information for U+msa on input line 6.
(/usr/local/texlive/2019/texmf-dist/tex/latex/amsfonts/umsa.fd
File: umsa.fd 2013/01/14 v3.01 AMS symbols A
) (/usr/local/texlive/2019/texmf-dist/tex/latex/microtype/mt-msa.cfg
File: mt-msa.cfg 2006/02/04 v1.1 microtype config. file: AMS symbols (a) (RS)
)
LaTeX Font Info:    Try loading font information for U+msb on input line 6.
(/usr/local/texlive/2019/texmf-dist/tex/latex/amsfonts/umsb.fd
File: umsb.fd 2013/01/14 v3.01 AMS symbols B
) (/usr/local/texlive/2019/texmf-dist/tex/latex/microtype/mt-msb.cfg
File: mt-msb.cfg 2005/06/01 v1.0 microtype config. file: AMS symbols (b) (RS)
)
LaTeX Font Info:    Font shape `TU/Alegreya(0)/m/n' will be
(Font)              scaled to size 10.0pt on input line 6.

Underfull \hbox (badness 10000) has occurred while \output is active
 [][][][] 
 []

[3] [4])
\tf@toc=\write4
\openout4 = `NCOP_Annual_Report_2019.toc'.

[5]
Underfull \vbox (badness 10000) has occurred while \output is active []


Overfull \hbox (336.25pt too wide) has occurred while \output is active
[]
 []


Underfull \vbox (badness 10000) has occurred while \output is active []


Overfull \hbox (336.25pt too wide) has occurred while \output is active
[]
 []


Underfull \vbox (badness 10000) has occurred while \output is active []


Overfull \hbox (336.25pt too wide) has occurred while \output is active
[]
 []


Underfull \vbox (badness 10000) has occurred while \output is active []


Overfull \hbox (336.25pt too wide) has occurred while \output is active
[]
 []


Underfull \hbox (badness 10000) has occurred while \output is active
 [][][][] 
 []

[6

]
Underfull \vbox (badness 10000) detected at line 219
 []


Overfull \hbox (336.25pt too wide) detected at line 219
[]
 []


Underfull \vbox (badness 10000) detected at line 219
 []


Overfull \hbox (336.25pt too wide) detected at line 219
[]
 []


Underfull \vbox (badness 10000) detected at line 219
 []


Overfull \hbox (336.25pt too wide) detected at line 219
[]
 []


Underfull \vbox (badness 10000) detected at line 219
 []


Overfull \hbox (336.25pt too wide) detected at line 219
[]
 []


Underfull \hbox (badness 10000) detected at line 219
[]
 []


Package hyperref Warning: bookmark level for unknown fm defaults to 0.

(./NCOP_Annual_Report_2019.lot)
\tf@lot=\write5
\openout5 = `NCOP_Annual_Report_2019.lot'.


Underfull \hbox (badness 10000) has occurred while \output is active
 [][][][] 
 []

[7

]
Underfull \vbox (badness 10000) has occurred while \output is active []


Overfull \hbox (336.25pt too wide) has occurred while \output is active
[]
 []


Underfull \vbox (badness 10000) has occurred while \output is active []


Overfull \hbox (336.25pt too wide) has occurred while \output is active
[]
 []


Underfull \vbox (badness 10000) has occurred while \output is active []


Overfull \hbox (336.25pt too wide) has occurred while \output is active
[]
 []


Underfull \vbox (badness 10000) has occurred while \output is active []


Overfull \hbox (336.25pt too wide) has occurred while \output is active
[]
 []


Underfull \hbox (badness 10000) has occurred while \output is active
 [][][][] 
 []

[8

]
Underfull \vbox (badness 10000) detected at line 220
 []


Overfull \hbox (336.25pt too wide) detected at line 220
[]
 []


Underfull \vbox (badness 10000) detected at line 220
 []


Overfull \hbox (336.25pt too wide) detected at line 220
[]
 []


Underfull \vbox (badness 10000) detected at line 220
 []


Overfull \hbox (336.25pt too wide) detected at line 220
[]
 []


Underfull \vbox (badness 10000) detected at line 220
 []


Overfull \hbox (336.25pt too wide) detected at line 220
[]
 []


Underfull \hbox (badness 10000) detected at line 220
[]
 []

(./NCOP_Annual_Report_2019.lof)
\tf@lof=\write6
\openout6 = `NCOP_Annual_Report_2019.lof'.


Underfull \hbox (badness 10000) has occurred while \output is active
 [][][][] 
 []

[9

]
Underfull \vbox (badness 10000) has occurred while \output is active []


Overfull \hbox (336.25pt too wide) has occurred while \output is active
[]
 []


Underfull \vbox (badness 10000) has occurred while \output is active []


Overfull \hbox (336.25pt too wide) has occurred while \output is active
[]
 []


Underfull \vbox (badness 10000) has occurred while \output is active []


Overfull \hbox (336.25pt too wide) has occurred while \output is active
[]
 []


Underfull \vbox (badness 10000) has occurred while \output is active []


Overfull \hbox (336.25pt too wide) has occurred while \output is active
[]
 []


Underfull \hbox (badness 10000) has occurred while \output is active
 [][][][] 
 []

[10

]
Underfull \vbox (badness 10000) detected at line 222
 []


Overfull \hbox (336.25pt too wide) detected at line 222
[]
 []


Underfull \vbox (badness 10000) detected at line 222
 []


Overfull \hbox (336.25pt too wide) detected at line 222
[]
 []


Underfull \vbox (badness 10000) detected at line 222
 []


Overfull \hbox (336.25pt too wide) detected at line 222
[]
 []


Underfull \vbox (badness 10000) detected at line 222
 []


Overfull \hbox (336.25pt too wide) detected at line 222
[]
 []

LaTeX Font Info:    Font shape `TU/Alegreya(0)/bx/n' will be
(Font)              scaled to size 24.0pt on input line 222.
LaTeX Font Info:    Font shape `TU/Alegreya(0)/m/n' will be
(Font)              scaled to size 24.0pt on input line 222.
LaTeX Font Info:    Font shape `TU/Alegreya(0)/m/n' will be
(Font)              scaled to size 8.4pt on input line 228.
LaTeX Font Info:    Font shape `TU/latinmodern-math.otf(1)/m/n' will be
(Font)              scaled to size 10.48721pt on input line 228.
LaTeX Font Info:    Font shape `TU/latinmodern-math.otf(1)/m/n' will be
(Font)              scaled to size 7.34105pt on input line 228.
LaTeX Font Info:    Font shape `TU/latinmodern-math.otf(1)/m/n' will be
(Font)              scaled to size 5.2436pt on input line 228.
LaTeX Font Info:    Font shape `TU/latinmodern-math.otf(2)/m/n' will be
(Font)              scaled to size 10.48828pt on input line 228.
LaTeX Font Info:    Font shape `TU/latinmodern-math.otf(2)/m/n' will be
(Font)              scaled to size 7.3418pt on input line 228.
LaTeX Font Info:    Font shape `TU/latinmodern-math.otf(2)/m/n' will be
(Font)              scaled to size 5.24414pt on input line 228.
LaTeX Font Info:    Font shape `TU/latinmodern-math.otf(3)/m/n' will be
(Font)              scaled to size 10.48615pt on input line 228.
LaTeX Font Info:    Font shape `TU/latinmodern-math.otf(3)/m/n' will be
(Font)              scaled to size 7.3403pt on input line 228.
LaTeX Font Info:    Font shape `TU/latinmodern-math.otf(3)/m/n' will be
(Font)              scaled to size 5.24307pt on input line 228.
LaTeX Font Info:    Font shape `TU/Alegreya(0)/m/n' will be
(Font)              scaled to size 7.0pt on input line 228.
LaTeX Font Info:    Font shape `TU/SourceCodePro(0)/m/n' will be
(Font)              scaled to size 6.99997pt on input line 228.

Underfull \hbox (badness 10000) has occurred while \output is active
 [][][][] 
 []

[11

] [12]
Underfull \vbox (badness 10000) detected at line 237
 []


Overfull \hbox (336.25pt too wide) detected at line 237
[]
 []


Underfull \vbox (badness 10000) detected at line 237
 []


Overfull \hbox (336.25pt too wide) detected at line 237
[]
 []


Underfull \vbox (badness 10000) detected at line 237
 []


Overfull \hbox (336.25pt too wide) detected at line 237
[]
 []


Underfull \vbox (badness 10000) detected at line 237
 []


Overfull \hbox (336.25pt too wide) detected at line 237
[]
 []

Chapter 1.

Underfull \hbox (badness 1253) in paragraph at lines 239--246
\TU/Alegreya(0)/m/n/12 Canyon) initiated the Northern Chaco Outliers Project (N
COP), a
 []


Underfull \hbox (badness 10000) has occurred while \output is active
 [][][][] 
 []

[1



] [2] [3] [4] [5]
Underfull \hbox (badness 10000) in paragraph at lines 447--458
[]\TU/Alegreya(0)/m/n/12 The current project seeks to synthesize professional a
nd non-
 []


Underfull \hbox (badness 4505) in paragraph at lines 447--458
\TU/Alegreya(0)/m/n/12 professional work within the Lakeview Group. Crow Canyon
 is
 []


Underfull \hbox (badness 2261) in paragraph at lines 447--458
\TU/Alegreya(0)/m/n/12 stabilization work completed there between 2008 and 2014
, and
 []

[6] [7] [8]
Underfull \vbox (badness 10000) detected at line 495
 []


Overfull \hbox (336.25pt too wide) detected at line 495
[]
 []


Underfull \vbox (badness 10000) detected at line 495
 []


Overfull \hbox (336.25pt too wide) detected at line 495
[]
 []


Underfull \vbox (badness 10000) detected at line 495
 []


Overfull \hbox (336.25pt too wide) detected at line 495
[]
 []


Underfull \vbox (badness 10000) detected at line 495
 []


Overfull \hbox (336.25pt too wide) detected at line 495
[]
 []

Chapter 2.

Underfull \hbox (badness 10000) has occurred while \output is active
 [][][][] 
 []

[9


]
Underfull \hbox (badness 1077) in paragraph at lines 533--545
[]\TU/Alegreya(0)/m/n/12 During Haynie site excavations, we often place several
 grid units
 []

[10]
LaTeX Font Info:    Font shape `TU/Alegreya(0)/bx/n' will be
(Font)              scaled to size 11.0pt on input line 595.
[11]
Underfull \hbox (badness 1242) in paragraph at lines 617--623
\TU/Alegreya(0)/m/n/12 Arbitrary 176 lies beneath Arbitrary 179 and above Struc
ture 1047.
 []

[12] [13] [14] [15] [16]
LaTeX Font Info:    Font shape `TU/Alegreya(0)/bx/n' will be
(Font)              scaled to size 10.0pt on input line 808.
[17] [18] [19] [20] [21] [22] [23] [24] [25] [26] [27]
Underfull \hbox (badness 4084) in paragraph at lines 1260--1275
\TU/Alegreya(0)/m/n/12 Investigation of Nonstructure 196 began in 2017 and cont
inued
 []

[28] [29]
Underfull \hbox (badness 2261) in paragraph at lines 1353--1361
\TU/Alegreya(0)/m/n/12 Nonstructure 1060 refers to laminated wind-and-water-lai
n sedi-
 []

[30] [31] [32] [33] [34] [35] [36] [37]
Underfull \vbox (badness 10000) has occurred while \output is active []


Overfull \hbox (336.25pt too wide) has occurred while \output is active
[]
 []


Underfull \vbox (badness 10000) has occurred while \output is active []


Overfull \hbox (336.25pt too wide) has occurred while \output is active
[]
 []


Underfull \vbox (badness 10000) has occurred while \output is active []


Overfull \hbox (336.25pt too wide) has occurred while \output is active
[]
 []


Underfull \vbox (badness 10000) has occurred while \output is active []


Overfull \hbox (336.25pt too wide) has occurred while \output is active
[]
 []


Underfull \hbox (badness 10000) has occurred while \output is active
 [][][][] 
 []

[38

]
Underfull \vbox (badness 10000) detected at line 1624
 []


Overfull \hbox (336.25pt too wide) detected at line 1624
[]
 []


Underfull \vbox (badness 10000) detected at line 1624
 []


Overfull \hbox (336.25pt too wide) detected at line 1624
[]
 []


Underfull \vbox (badness 10000) detected at line 1624
 []


Overfull \hbox (336.25pt too wide) detected at line 1624
[]
 []


Underfull \vbox (badness 10000) detected at line 1624
 []


Overfull \hbox (336.25pt too wide) detected at line 1624
[]
 []

Chapter 3.

Underfull \hbox (badness 1320) in paragraph at lines 1649--1661
\TU/Alegreya(0)/m/n/12 that the channel that cuts through the Haynie site did n
ot form
 []


Underfull \hbox (badness 10000) has occurred while \output is active
 [][][][] 
 []

[39

] [40]
Underfull \vbox (badness 10000) detected at line 1674
 []


Overfull \hbox (336.25pt too wide) detected at line 1674
[]
 []


Underfull \vbox (badness 10000) detected at line 1674
 []


Overfull \hbox (336.25pt too wide) detected at line 1674
[]
 []


Underfull \vbox (badness 10000) detected at line 1674
 []


Overfull \hbox (336.25pt too wide) detected at line 1674
[]
 []


Underfull \vbox (badness 10000) detected at line 1674
 []


Overfull \hbox (336.25pt too wide) detected at line 1674
[]
 []

Chapter 4.

Underfull \hbox (badness 1565) in paragraph at lines 1685--1691
\TU/Alegreya(0)/m/n/12 In-house cataloging and analysis of artifacts for the NC
OP is in
 []


Underfull \hbox (badness 10000) has occurred while \output is active
 [][][][] 
 []

[41


] [42]
Overfull \hbox (30.0pt too wide) in paragraph at lines 1771--1771
|  
 []

[43] [44]
Underfull \vbox (badness 10000) detected at line 1784
 []


Overfull \hbox (336.25pt too wide) detected at line 1784
[]
 []


Underfull \vbox (badness 10000) detected at line 1784
 []


Overfull \hbox (336.25pt too wide) detected at line 1784
[]
 []


Underfull \vbox (badness 10000) detected at line 1784
 []


Overfull \hbox (336.25pt too wide) detected at line 1784
[]
 []


Underfull \vbox (badness 10000) detected at line 1784
 []


Overfull \hbox (336.25pt too wide) detected at line 1784
[]
 []

Chapter 5.

Underfull \hbox (badness 10000) has occurred while \output is active
 [][][][] 
 []

[45


]
Underfull \vbox (badness 10000) has occurred while \output is active []


Overfull \hbox (336.25pt too wide) has occurred while \output is active
[]
 []


Underfull \vbox (badness 10000) has occurred while \output is active []


Overfull \hbox (336.25pt too wide) has occurred while \output is active
[]
 []


Underfull \vbox (badness 10000) has occurred while \output is active []


Overfull \hbox (336.25pt too wide) has occurred while \output is active
[]
 []


Underfull \vbox (badness 10000) has occurred while \output is active []


Overfull \hbox (336.25pt too wide) has occurred while \output is active
[]
 []


Underfull \hbox (badness 10000) has occurred while \output is active
 [][][][] 
 []

[46

]
Underfull \vbox (badness 10000) detected at line 1814
 []


Overfull \hbox (336.25pt too wide) detected at line 1814
[]
 []


Underfull \vbox (badness 10000) detected at line 1814
 []


Overfull \hbox (336.25pt too wide) detected at line 1814
[]
 []


Underfull \vbox (badness 10000) detected at line 1814
 []


Overfull \hbox (336.25pt too wide) detected at line 1814
[]
 []


Underfull \vbox (badness 10000) detected at line 1814
 []


Overfull \hbox (336.25pt too wide) detected at line 1814
[]
 []

Chapter 6.

Underfull \hbox (badness 2707) in paragraph at lines 1819--1824
\TU/Alegreya(0)/m/n/12 weekly research presentations to on-campus participants 
on the
 []


Underfull \hbox (badness 2334) in paragraph at lines 1828--1854
\TU/Alegreya(0)/m/n/12 Crow Canyons mission includes a commitment to public ed
uca-
 []


Underfull \hbox (badness 3919) in paragraph at lines 1828--1854
\TU/Alegreya(0)/m/n/12 tion and outreach. Our 2019 program season included appr
oxi-
 []


Underfull \hbox (badness 1122) in paragraph at lines 1828--1854
\TU/Alegreya(0)/m/n/12 mately 1,700 participants in school programs, research p
rograms,
 []


Underfull \hbox (badness 1210) in paragraph at lines 1828--1854
\TU/Alegreya(0)/m/n/12 laboratory work. Nearly 1,340 students, teachers, and ch
aperones
 []


Underfull \hbox (badness 10000) has occurred while \output is active
 [][][][] 
 []

[47

]
Underfull \hbox (badness 3861) in paragraph at lines 1868--1878
\TU/Alegreya(0)/m/n/12 Through the college field school and internship program,
 Crow
 []

[48] [49]
Underfull \vbox (badness 10000) has occurred while \output is active []


Overfull \hbox (336.25pt too wide) has occurred while \output is active
[]
 []


Underfull \vbox (badness 10000) has occurred while \output is active []


Overfull \hbox (336.25pt too wide) has occurred while \output is active
[]
 []


Underfull \vbox (badness 10000) has occurred while \output is active []


Overfull \hbox (336.25pt too wide) has occurred while \output is active
[]
 []


Underfull \vbox (badness 10000) has occurred while \output is active []


Overfull \hbox (336.25pt too wide) has occurred while \output is active
[]
 []


Underfull \hbox (badness 10000) has occurred while \output is active
 [][][][] 
 []

[50

]
Underfull \vbox (badness 10000) detected at line 1897
 []


Overfull \hbox (336.25pt too wide) detected at line 1897
[]
 []


Underfull \vbox (badness 10000) detected at line 1897
 []


Overfull \hbox (336.25pt too wide) detected at line 1897
[]
 []


Underfull \vbox (badness 10000) detected at line 1897
 []


Overfull \hbox (336.25pt too wide) detected at line 1897
[]
 []


Underfull \vbox (badness 10000) detected at line 1897
 []


Overfull \hbox (336.25pt too wide) detected at line 1897
[]
 []

Chapter 7.

Underfull \hbox (badness 10000) has occurred while \output is active
 [][][][] 
 []

[51

] [52] [53]
Underfull \hbox (badness 2809) in paragraph at lines 2030--2042
[]\TU/Alegreya(0)/m/n/12 With our firmer understanding of the occupational sequ
ence at
 []

[54]
File: ./media/image3.png Graphic file (type bmp)
<./media/image3.png>

Overfull \hbox (178.8965pt too wide) in paragraph at lines 2048--2049
[][][][]\TU/Alegreya(0)/m/n/12 []{#_Ref27638545
 []

[55]
Overfull \vbox (78.47755pt too high) has occurred while \output is active []

[56]
File: ./media/image4.png Graphic file (type bmp)
<./media/image4.png>
File: ./media/image5.png Graphic file (type bmp)
<./media/image5.png>

Overfull \hbox (46.65181pt too wide) in paragraph at lines 2063--2064
 [][][][] 
 []

[57]
File: ./media/image6.png Graphic file (type bmp)
<./media/image6.png>

Overfull \hbox (81.9431pt too wide) in paragraph at lines 2073--2075
 [][][][] 
 []


LaTeX Warning: Float too large for page by 67.24806pt on input line 2076.

File: ./media/image7.png Graphic file (type bmp)
<./media/image7.png>

Overfull \hbox (79.85638pt too wide) in paragraph at lines 2083--2085
 [][][][] 
 []


LaTeX Warning: Float too large for page by 63.53452pt on input line 2086.

File: ./media/image8.png Graphic file (type bmp)
<./media/image8.png>

Overfull \hbox (83.02716pt too wide) in paragraph at lines 2093--2094
 [][][][] 
 []


LaTeX Warning: Float too large for page by 67.24806pt on input line 2095.

File: ./media/image9.jpeg Graphic file (type bmp)
<./media/image9.jpeg>
[58] [59] [60] [61]
Underfull \hbox (badness 1163) in paragraph at lines 2108--2110
[]\TU/Alegreya(0)/m/n/12 []{#_Toc29378645 .anchor}Figure . Photo showing wall s
egment or
 []

File: ./media/image10.jpeg Graphic file (type bmp)
<./media/image10.jpeg>

Overfull \hbox (40.83276pt too wide) in paragraph at lines 2113--2115
 [][][][] 
 []

File: ./media/image11.jpeg Graphic file (type bmp)
<./media/image11.jpeg>

Overfull \hbox (29.56865pt too wide) in paragraph at lines 2123--2125
 [][][][] 
 []

File: ./media/image12.jpeg Graphic file (type bmp)
<./media/image12.jpeg>

Overfull \hbox (25.91545pt too wide) in paragraph at lines 2133--2135
 [][][][] 
 []


Underfull \hbox (badness 10000) in paragraph at lines 2138--2140
[]\TU/Alegreya(0)/m/n/12 []{#_Ref27643014 .anchor}Figure . Burned roof beam and
 well-
 []

File: ./media/image13.jpeg Graphic file (type bmp)
<./media/image13.jpeg>
File: ./media/image14.jpeg Graphic file (type bmp)
<./media/image14.jpeg>

Overfull \hbox (70.2433pt too wide) in paragraph at lines 2154--2155
 [][][][] 
 []

[62]
File: ./media/image15.jpeg Graphic file (type bmp)
<./media/image15.jpeg>

Overfull \hbox (20.66246pt too wide) in paragraph at lines 2163--2164
[][][][] 
 []

[63] [64]
Overfull \vbox (61.52629pt too high) has occurred while \output is active []

[65]
File: ./media/image16.jpeg Graphic file (type bmp)
<./media/image16.jpeg>

Overfull \hbox (21.41005pt too wide) in paragraph at lines 2168--2169
[][][][] 
 []

[66]
Overfull \hbox (334.08418pt too wide) in alignment at lines 2176--2180
 [] [] [] [] [] [] [] 
 []


Overfull \hbox (334.08418pt too wide) in alignment at lines 2180--2201
 [] [] [] [] [] [] [] 
 []


Overfull \hbox (334.08418pt too wide) in alignment at lines 2201--2221
 [] [] [] [] [] [] [] 
 []

[67]
Overfull \hbox (334.08418pt too wide) in alignment at lines 2221--2241
 [] [] [] [] [] [] [] 
 []


Overfull \hbox (334.08418pt too wide) in alignment at lines 2241--2247
 [] [] [] [] [] [] [] 
 []

[68]
Overfull \hbox (4.1568pt too wide) in paragraph at lines 2257--2258
[]\TU/Alegreya(0)/m/n/12 Number|  
 []


Overfull \hbox (5.63647pt too wide) in paragraph at lines 2354--2355
[]\TU/Alegreya(0)/m/n/12 Nonstructure|  
 []


Overfull \hbox (5.63647pt too wide) in paragraph at lines 2385--2386
[]\TU/Alegreya(0)/m/n/12 Nonstructure|  
 []


Overfull \hbox (5.63647pt too wide) in paragraph at lines 2458--2459
[]\TU/Alegreya(0)/m/n/12 Nonstructure|  
 []


Overfull \hbox (5.63647pt too wide) in paragraph at lines 2477--2478
[]\TU/Alegreya(0)/m/n/12 Nonstructure|  
 []


Overfull \hbox (5.63647pt too wide) in paragraph at lines 2510--2511
[]\TU/Alegreya(0)/m/n/12 Nonstructure|  
 []


Overfull \hbox (5.63647pt too wide) in paragraph at lines 2576--2577
[]\TU/Alegreya(0)/m/n/12 Nonstructure|  
 []


Overfull \hbox (5.63647pt too wide) in paragraph at lines 2605--2606
[]\TU/Alegreya(0)/m/n/12 Nonstructure|  
 []


Overfull \hbox (5.63647pt too wide) in paragraph at lines 2637--2638
[]\TU/Alegreya(0)/m/n/12 Nonstructure|  
 []


Overfull \hbox (5.63647pt too wide) in paragraph at lines 2657--2658
[]\TU/Alegreya(0)/m/n/12 Nonstructure|  
 []


Overfull \hbox (5.63647pt too wide) in paragraph at lines 2667--2668
[]\TU/Alegreya(0)/m/n/12 Nonstructure|  
 []

[69] [70]
Overfull \hbox (5.63647pt too wide) in paragraph at lines 2696--2697
[]\TU/Alegreya(0)/m/n/12 Nonstructure|  
 []


Overfull \hbox (5.63647pt too wide) in paragraph at lines 2706--2707
[]\TU/Alegreya(0)/m/n/12 Nonstructure|  
 []


Overfull \hbox (5.63647pt too wide) in paragraph at lines 2726--2727
[]\TU/Alegreya(0)/m/n/12 Nonstructure|  
 []


Overfull \hbox (5.63647pt too wide) in paragraph at lines 2735--2736
[]\TU/Alegreya(0)/m/n/12 Nonstructure|  
 []


Overfull \hbox (5.63647pt too wide) in paragraph at lines 2765--2766
[]\TU/Alegreya(0)/m/n/12 Nonstructure|  
 []


Overfull \hbox (5.63647pt too wide) in paragraph at lines 2776--2777
[]\TU/Alegreya(0)/m/n/12 Nonstructure|  
 []


Overfull \hbox (5.63647pt too wide) in paragraph at lines 2785--2786
[]\TU/Alegreya(0)/m/n/12 Nonstructure|  
 []


Overfull \hbox (5.63647pt too wide) in paragraph at lines 2795--2796
[]\TU/Alegreya(0)/m/n/12 Nonstructure|  
 []


Overfull \hbox (5.63647pt too wide) in paragraph at lines 2806--2807
[]\TU/Alegreya(0)/m/n/12 Nonstructure|  
 []


Overfull \hbox (5.63647pt too wide) in paragraph at lines 2817--2818
[]\TU/Alegreya(0)/m/n/12 Nonstructure|  
 []


Overfull \hbox (5.63647pt too wide) in paragraph at lines 2826--2827
[]\TU/Alegreya(0)/m/n/12 Nonstructure|  
 []

[71] [72]
Overfull \hbox (0.79364pt too wide) in paragraph at lines 2857--2859
\TU/Alegreya(0)/m/n/12 Number|  
 []


Overfull \hbox (80.22046pt too wide) detected at line 2863
[][][][][][][][][][][][][][][][][][]
 []


Overfull \hbox (1.09364pt too wide) in paragraph at lines 2870--2871
[]\TU/Alegreya(0)/m/n/12 Material  
 []


Overfull \hbox (49.95432pt too wide) detected at line 2894
[][][][] [] [] [] [][][][][][]
 []


Overfull \hbox (1.29764pt too wide) in paragraph at lines 2921--2929
\TU/Alegreya(0)/m/n/12 eposited 
 []


Overfull \hbox (1.39365pt too wide) in paragraph at lines 2921--2929
\TU/Alegreya(0)/m/n/12 pression|  
 []


Overfull \hbox (43.66199pt too wide) detected at line 2936
[][][] [] [] [] [][][][][][]
 []


Overfull \hbox (43.66199pt too wide) detected at line 2976
[][][] [] [] [] [][][][][][]
 []


Overfull \hbox (49.95432pt too wide) detected at line 3020
[][][][] [] [] [] [][][][][][]
 []


Overfull \hbox (4.62164pt too wide) in paragraph at lines 3048--3054
\TU/Alegreya(0)/m/n/12 undation|  
 []


Overfull \hbox (49.95432pt too wide) detected at line 3061
[][][][] [] [] [] [][][][][][]
 []


Overfull \hbox (49.95432pt too wide) detected at line 3106
[][][][] [] [] [] [][][][][][]
 []


Overfull \hbox (4.62164pt too wide) in paragraph at lines 3137--3143
\TU/Alegreya(0)/m/n/12 undation|  
 []


Overfull \hbox (1.11765pt too wide) in paragraph at lines 3145--3164
\TU/Alegreya(0)/m/n/12 changed 
 []


Overfull \hbox (1.11765pt too wide) in paragraph at lines 3165--3184
\TU/Alegreya(0)/m/n/12 changed 
 []

[73] [74] [75] [76] [77] [78] [79]
Overfull \hbox (0.57675pt too wide) in paragraph at lines 3267--3271
\TU/Alegreya(0)/m/n/12 Archaeologists|  
 []


Overfull \hbox (0.57675pt too wide) in paragraph at lines 3291--3295
\TU/Alegreya(0)/m/n/12 Archaeologists|  
 []


Overfull \hbox (6.96074pt too wide) in paragraph at lines 3300--3309
[]\TU/Alegreya(0)/m/n/12 Geoarchaeology 
 []


Overfull \hbox (6.96074pt too wide) in paragraph at lines 3327--3336
[]\TU/Alegreya(0)/m/n/12 Geoarchaeology 
 []

[80] [81]
Underfull \vbox (badness 10000) has occurred while \output is active []


Overfull \hbox (336.25pt too wide) has occurred while \output is active
[]
 []


Underfull \vbox (badness 10000) has occurred while \output is active []


Overfull \hbox (336.25pt too wide) has occurred while \output is active
[]
 []


Underfull \vbox (badness 10000) has occurred while \output is active []


Overfull \hbox (336.25pt too wide) has occurred while \output is active
[]
 []


Underfull \vbox (badness 10000) has occurred while \output is active []


Overfull \hbox (336.25pt too wide) has occurred while \output is active
[]
 []


Underfull \hbox (badness 10000) has occurred while \output is active
 [][][][] 
 []

[82

]
Underfull \vbox (badness 10000) detected at line 3427
 []


Overfull \hbox (336.25pt too wide) detected at line 3427
[]
 []


Underfull \vbox (badness 10000) detected at line 3427
 []


Overfull \hbox (336.25pt too wide) detected at line 3427
[]
 []


Underfull \vbox (badness 10000) detected at line 3427
 []


Overfull \hbox (336.25pt too wide) detected at line 3427
[]
 []


Underfull \vbox (badness 10000) detected at line 3427
 []


Overfull \hbox (336.25pt too wide) detected at line 3427
[]
 []

Chapter 8.

Underfull \hbox (badness 10000) in paragraph at lines 3449--3453
[]\TU/Alegreya(0)/m/n/12 1993 Annual/Preliminary Report of Excavations: Wallace
 Ruin
 []

LaTeX Font Info:    Font shape `TU/SourceCodePro(0)/m/n' will be
(Font)              scaled to size 8.39996pt on input line 3464.
LaTeX Font Info:    Font shape `TU/SourceCodePro(0)/m/n' will be
(Font)              scaled to size 5.87996pt on input line 3464.
LaTeX Font Info:    Font shape `TU/SourceCodePro(0)/m/n' will be
(Font)              scaled to size 4.19998pt on input line 3464.

Underfull \hbox (badness 2913) in paragraph at lines 3461--3466
[]\TU/Alegreya(0)/m/n/12 2019 Annual Report on Excavations at the Wallace Great
 House
 []


Underfull \hbox (badness 10000) has occurred while \output is active
 [][][][] 
 []

[83

]
Underfull \hbox (badness 1112) in paragraph at lines 3497--3500
[]\TU/Alegreya(0)/m/n/12 2014 Policy on the Treatment of Human Remains, Associa
ted Fu-
 []


Underfull \hbox (badness 1728) in paragraph at lines 3497--3500
\TU/Alegreya(0)/m/n/12 nerary Artifacts, and Human Biochemical Residues. Unpubl
ished
 []

[84] [85]
Underfull \hbox (badness 1342) in paragraph at lines 3585--3587
[]\TU/Alegreya(0)/m/n/12 1991 \TU/Alegreya(0)/m/it/12 Situated Learning: Legiti
mate Peripheral Participation\TU/Alegreya(0)/m/n/12 . Cambridge
 []

[86] [87]
Underfull \hbox (badness 2253) in paragraph at lines 3663--3665
[]\TU/Alegreya(0)/m/n/12 Schleher, Kari L., Kate T. Hughes, Jamie Merewether, M
ichael J.
 []

[88]
Underfull \hbox (badness 1072) in paragraph at lines 3699--3700
[]\TU/Alegreya(0)/m/n/12 Varien, Mark D., Scott G. Ortman, Timothy A. Kohler, D
onna M.
 []


Underfull \hbox (badness 1867) in paragraph at lines 3706--3710
[]\TU/Alegreya(0)/m/n/12 1994 \TU/Alegreya(0)/m/it/12 Modeling Prehistoric Agri
cultural Productivity in Southwestern Col-
 []


Underfull \hbox (badness 1072) in paragraph at lines 3713--3715
[]\TU/Alegreya(0)/m/n/12 2007 \TU/Alegreya(0)/m/it/12 The Chaco Experience: Lan
dscape and Ideology at the Center Place\TU/Alegreya(0)/m/n/12 .
 []

[89]
Underfull \hbox (badness 1132) in paragraph at lines 3736--3741
\TU/Alegreya(0)/m/n/12 Sandals, and Baskets. In \TU/Alegreya(0)/m/it/12 Crucibl
e of Pueblos: The Early Pueblo Period
 []

[90]
Underfull \vbox (badness 10000) detected at line 3763
 []


Overfull \hbox (336.25pt too wide) detected at line 3763
[]
 []


Underfull \vbox (badness 10000) detected at line 3763
 []


Overfull \hbox (336.25pt too wide) detected at line 3763
[]
 []


Underfull \vbox (badness 10000) detected at line 3763
 []


Overfull \hbox (336.25pt too wide) detected at line 3763
[]
 []


Underfull \vbox (badness 10000) detected at line 3763
 []


Overfull \hbox (336.25pt too wide) detected at line 3763
[]
 []


Underfull \hbox (badness 10000) has occurred while \output is active
 [][][][] 
 []

[91



] [92]
Underfull \vbox (badness 10000) detected at line 3852
 []


Overfull \hbox (336.25pt too wide) detected at line 3852
[]
 []


Underfull \vbox (badness 10000) detected at line 3852
 []


Overfull \hbox (336.25pt too wide) detected at line 3852
[]
 []


Underfull \vbox (badness 10000) detected at line 3852
 []


Overfull \hbox (336.25pt too wide) detected at line 3852
[]
 []


Underfull \vbox (badness 10000) detected at line 3852
 []


Overfull \hbox (336.25pt too wide) detected at line 3852
[]
 []


Underfull \hbox (badness 1565) in paragraph at lines 3874--3878
[]\TU/Alegreya(0)/m/n/12 2019 \TU/Alegreya(0)/m/it/12 The Northern Chaco Outlie
rs Project Permit Report for the State of
 []


Underfull \hbox (badness 1221) in paragraph at lines 3874--3878
\TU/Alegreya(0)/m/it/12 Colorado, 2019: Archaeological Permit No. 73671. \TU/Al
egreya(0)/m/n/12 Electronic document,
 []


Underfull \hbox (badness 10000) has occurred while \output is active
 [][][][] 
 []

[93


]
No file NCOP_Annual_Report_2019.bbl.
[94] (./NCOP_Annual_Report_2019.ind)
Package atveryend Info: Empty hook `BeforeClearDocument' on input line 3936.
Package atveryend Info: Empty hook `AfterLastShipout' on input line 3936.
(./NCOP_Annual_Report_2019.aux)
Package atveryend Info: Empty hook `AtVeryEndDocument' on input line 3936.
Package atveryend Info: Empty hook `AtEndAfterFileList' on input line 3936.
 ) 
Here is how much of TeX's memory you used:
 29368 strings out of 492916
 534150 string characters out of 6133346
 797985 words of memory out of 5000000
 33084 multiletter control sequences out of 15000+600000
 538972 words of font info for 107 fonts, out of 8000000 for 9000
 1348 hyphenation exceptions out of 8191
 61i,9n,118p,1246b,484s stack positions out of 5000i,500n,10000p,200000b,80000s

Output written on NCOP_Annual_Report_2019.pdf (106 pages).
